Mplus VERSION 8.5 DEMO (Linux)
MUTHEN & MUTHEN
01/29/2021   5:30 PM

INPUT INSTRUCTIONS

  TITLE: 1-1-1 mediation (MSEM)
  DATA: FILE IS mydata.dat; ! text file containing raw data in long format
  VARIABLE: NAMES ARE id x m y;
  USEVARIABLES ARE id x m y;
  CLUSTER IS id; ! Level-2 grouping identifier
  ANALYSIS: TYPE IS TWOLEVEL RANDOM;
  MODEL: ! model specification follows
  %WITHIN% ! Model for Within effects follows
  sa | m ON x; ! regress m on x, call the random slope "sa"
  sb | y ON m; ! regress y on m, call the random slope "sb"
  sc | y ON x; ! regress y on x, call the random slope "sc"
  %BETWEEN% ! Model for Between effects follows
  sa sb sc x m y;! estimate Level-2 (residual) variances for sa, sb, sc, x, m, and y
  sa WITH sc x m y; ! estimate Level-2 covariances of sa with sc, x, m, and y
  sa WITH sb(cab); ! estimate Level-2 covariance of sa and sb, call it "cab"
  sb WITH sc x m y; ! estimate Level-2 covariances of sb with sc, x, m, and y
  sc WITH x m y; ! estimate Level-2 covariances of sc with x, m, and y
  m ON x(ab); ! regress m on x, call the slope "ab"; ab = contextual effect, not the Between
  y ON m(bb); ! regress y on m, call the slope "bb"; bb = contextual effect, not the Betweee
  y ON x; ! regress y on x
  [sa](aw); ! estimate the mean of sa, call it "aw"
  [sb](bw); ! estimate the mean of sb, call it "bw"
  MODEL CONSTRAINT: ! section for computing indirect effects
  NEW(a b indb indw); ! name the indirect effects
  a=aw+ab; ! compute Between a path
  b=bw+bb; ! compute Between b path
  indw=aw*bw+cab; ! compute the Within indirect effect
  indb=a*b; ! compute the Between indirect effect
  OUTPUT: TECH1 TECH8 CINTERVAL; ! request parameter specifications, starting values, ! opti



*** WARNING
  Input line exceeded 90 characters. Some input may be truncated.
  y ON m(bb); ! regress y on m, call the slope "bb"; bb = contextual effect, not the Betweeen
*** WARNING
  Input line exceeded 90 characters. Some input may be truncated.
  OUTPUT: TECH1 TECH8 CINTERVAL; ! request parameter specifications, starting values, ! optim
*** WARNING in MODEL command
  In the MODEL command, the predictor variable on the WITHIN level refers to the whole observed
  variable.  To use the latent within-level part, use ESTIMATOR=BAYES in the ANALYSIS command.
  This applies to the following statement(s):
    SA | M ON X
    SB | Y ON M
    SC | Y ON X
   3 WARNING(S) FOUND IN THE INPUT INSTRUCTIONS



1-1-1 mediation (MSEM)

SUMMARY OF ANALYSIS

Number of groups                                                 1
Number of observations                                        1920

Number of dependent variables                                    2
Number of independent variables                                  1
Number of continuous latent variables                            3

Observed dependent variables

  Continuous
   M           Y

Observed independent variables
   X

Continuous latent variables
   SA          SB          SC

Variables with special functions

  Cluster variable      ID

Estimator                                                      MLR
Information matrix                                        OBSERVED
Maximum number of iterations                                   100
Convergence criterion                                    0.100D-05
Maximum number of EM iterations                                500
Convergence criteria for the EM algorithm
  Loglikelihood change                                   0.100D-02
  Relative loglikelihood change                          0.100D-05
  Derivative                                             0.100D-03
Minimum variance                                         0.100D-03
Maximum number of steepest descent iterations                   20
Maximum number of iterations for H1                           2000
Convergence criterion for H1                             0.100D-03
Optimization algorithm                                         EMA

Input data file(s)
  mydata.dat
Input data format  FREE


SUMMARY OF DATA

     Number of clusters                         96

     Average cluster size       20.000

     Estimated Intraclass Correlations for the Y Variables

                Intraclass              Intraclass              Intraclass
     Variable  Correlation   Variable  Correlation   Variable  Correlation

     M            0.005      Y            0.058      X            0.001




UNIVARIATE SAMPLE STATISTICS


     UNIVARIATE HIGHER-ORDER MOMENT DESCRIPTIVE STATISTICS

         Variable/         Mean/     Skewness/   Minimum/ % with                Percentiles
        Sample Size      Variance    Kurtosis    Maximum  Min/Max      20%/60%    40%/80%    Median

     M                     0.009       0.292      -6.796    0.05%      -1.219     -0.387     -0.015
            1920.000       2.703       1.998       9.301    0.05%       0.326      1.186
     Y                     0.949       0.814     -18.892    0.05%      -2.219     -0.302      0.575
            1920.000      22.136       4.052      36.697    0.05%       1.467      3.924
     X                     0.045       0.133      -3.022    0.05%      -0.836     -0.231      0.016
            1920.000       1.011      -0.092       3.490    0.05%       0.282      0.891

     WARNING: THE MODEL ESTIMATION HAS REACHED A SADDLE POINT OR A POINT WHERE THE
     OBSERVED AND THE EXPECTED INFORMATION MATRICES DO NOT MATCH.
     AN ADJUSTMENT TO THE ESTIMATION OF THE INFORMATION MATRIX HAS BEEN MADE.
     THE CONDITION NUMBER IS      -0.589D-04.
     THE PROBLEM MAY ALSO BE RESOLVED BY DECREASING THE VALUE OF THE
     MCONVERGENCE OR LOGCRITERION OPTIONS OR BY CHANGING THE STARTING VALUES
     OR BY USING THE MLF ESTIMATOR.


THE MODEL ESTIMATION TERMINATED NORMALLY



MODEL FIT INFORMATION

Number of Free Parameters                       30

Loglikelihood

          H0 Value                       -8525.926
          H0 Scaling Correction Factor      0.9034
            for MLR

Information Criteria

          Akaike (AIC)                   17111.852
          Bayesian (BIC)                 17278.654
          Sample-Size Adjusted BIC       17183.344
            (n* = (n + 2) / 24)



MODEL RESULTS

                                                    Two-Tailed
                    Estimate       S.E.  Est./S.E.    P-Value

Within Level

 Variances
    X                  1.007      0.030     33.261      0.000

 Residual Variances
    M                  0.967      0.033     29.593      0.000
    Y                  1.014      0.037     27.604      0.000

Between Level

 M          ON
    X                 -0.272      0.601     -0.452      0.651

 Y          ON
    M                 -5.188      0.293    -17.730      0.000
    X                  2.098      3.095      0.678      0.498

 SA       WITH
    SC                 0.016      0.053      0.298      0.766
    X                  0.010      0.022      0.441      0.660
    M                 -0.011      0.030     -0.375      0.708
    Y                  0.962      0.164      5.880      0.000
    SB                 0.095      0.091      1.045      0.296

 SB       WITH
    SC                 0.000      0.037      0.010      0.992
    X                  0.017      0.026      0.675      0.500
    M                 -0.010      0.025     -0.395      0.693
    Y                 -0.020      0.162     -0.126      0.900

 SC       WITH
    X                  0.001      0.010      0.125      0.901
    M                 -0.001      0.009     -0.114      0.909
    Y                  0.003      0.063      0.051      0.959

 Means
    X                  0.045      0.022      2.063      0.039
    SA                 0.829      0.106      7.820      0.000
    SB                 2.135      0.103     20.753      0.000
    SC                 0.957      0.038     25.010      0.000

 Intercepts
    M                 -0.026      0.032     -0.798      0.425
    Y                  0.606      0.197      3.077      0.002

 Variances
    X                  0.004      0.006      0.640      0.522
    SA                 1.037      0.155      6.681      0.000
    SB                 0.903      0.126      7.136      0.000
    SC                 0.006      0.016      0.401      0.688

 Residual Variances
    M                  0.002      0.006      0.349      0.727
    Y                  0.982      0.160      6.123      0.000

New/Additional Parameters
    A                  0.557      0.620      0.899      0.369
    B                 -3.052      0.305     -9.992      0.000
    INDB              -1.701      2.050     -0.829      0.407
    INDW               1.866      0.260      7.166      0.000


QUALITY OF NUMERICAL RESULTS

     Condition Number for the Information Matrix             -0.589E-04
       (ratio of smallest to largest eigenvalue)


CONFIDENCE INTERVALS OF MODEL RESULTS

                  Lower .5%  Lower 2.5%    Lower 5%    Estimate    Upper 5%  Upper 2.5%   Upper .5%

Within Level

 Variances
    X                0.929       0.948       0.957       1.007       1.057       1.066       1.085

 Residual Variances
    M                0.883       0.903       0.914       0.967       1.021       1.031       1.052
    Y                0.920       0.942       0.954       1.014       1.075       1.086       1.109

Between Level

 M        ON
    X               -1.820      -1.450      -1.261      -0.272       0.717       0.906       1.276

 Y        ON
    M               -5.941      -5.761      -5.669      -5.188      -4.706      -4.614      -4.434
    X               -5.875      -3.969      -2.994       2.098       7.190       8.165      10.071

 SA       WITH
    SC              -0.120      -0.088      -0.071       0.016       0.103       0.119       0.152
    X               -0.047      -0.033      -0.026       0.010       0.045       0.052       0.066
    M               -0.088      -0.070      -0.060      -0.011       0.038       0.047       0.066
    Y                0.541       0.641       0.693       0.962       1.231       1.283       1.383
    SB              -0.140      -0.084      -0.055       0.095       0.246       0.274       0.331

 SB       WITH
    SC              -0.094      -0.072      -0.060       0.000       0.061       0.072       0.095
    X               -0.049      -0.033      -0.025       0.017       0.059       0.068       0.083
    M               -0.073      -0.058      -0.050      -0.010       0.031       0.039       0.054
    Y               -0.439      -0.339      -0.288      -0.020       0.247       0.298       0.398

 SC       WITH
    X               -0.025      -0.019      -0.016       0.001       0.018       0.022       0.028
    M               -0.025      -0.020      -0.017      -0.001       0.014       0.017       0.023
    Y               -0.160      -0.121      -0.101       0.003       0.107       0.127       0.166

 Means
    X               -0.011       0.002       0.009       0.045       0.082       0.089       0.102
    SA               0.556       0.621       0.655       0.829       1.003       1.037       1.102
    SB               1.870       1.934       1.966       2.135       2.305       2.337       2.400
    SC               0.859       0.882       0.894       0.957       1.020       1.032       1.056

 Intercepts
    M               -0.109      -0.089      -0.079      -0.026       0.027       0.037       0.057
    Y                0.099       0.220       0.282       0.606       0.929       0.991       1.112

 Variances
    X               -0.012      -0.008      -0.006       0.004       0.014       0.016       0.019
    SA               0.637       0.733       0.782       1.037       1.292       1.341       1.437
    SB               0.577       0.655       0.695       0.903       1.111       1.151       1.229
    SC              -0.034      -0.024      -0.019       0.006       0.032       0.037       0.047

 Residual Variances
    M               -0.012      -0.009      -0.007       0.002       0.011       0.013       0.016
    Y                0.569       0.668       0.718       0.982       1.246       1.297       1.396

New/Additional Parameters
    A               -1.039      -0.658      -0.462       0.557       1.577       1.772       2.154
    B               -3.839      -3.651      -3.555      -3.052      -2.550      -2.454      -2.265
    INDB            -6.982      -5.720      -5.074      -1.701       1.672       2.318       3.581
    INDW             1.195       1.356       1.438       1.866       2.294       2.376       2.537


TECHNICAL 1 OUTPUT


     PARAMETER SPECIFICATION FOR WITHIN


           NU
              M             Y             X
              ________      ________      ________
                    0             0             0


           LAMBDA
              M             Y             X
              ________      ________      ________
 M                  0             0             0
 Y                  0             0             0
 X                  0             0             0


           THETA
              M             Y             X
              ________      ________      ________
 M                  0
 Y                  0             0
 X                  0             0             0


           ALPHA
              M             Y             X
              ________      ________      ________
                    0             0             0


           BETA
              M             Y             X
              ________      ________      ________
 M                  0             0             0
 Y                  0             0             0
 X                  0             0             0


           PSI
              M             Y             X
              ________      ________      ________
 M                  1
 Y                  0             2
 X                  0             0             3


     PARAMETER SPECIFICATION FOR BETWEEN


           NU
              M             Y             X
              ________      ________      ________
                    0             0             0


           LAMBDA
              SA            SB            SC            M             Y
              ________      ________      ________      ________      ________
 M                  0             0             0             0             0
 Y                  0             0             0             0             0
 X                  0             0             0             0             0


           LAMBDA
              X
              ________
 M                  0
 Y                  0
 X                  0


           THETA
              M             Y             X
              ________      ________      ________
 M                  0
 Y                  0             0
 X                  0             0             0


           ALPHA
              SA            SB            SC            M             Y
              ________      ________      ________      ________      ________
                    4             5             6             7             8


           ALPHA
              X
              ________
                    9


           BETA
              SA            SB            SC            M             Y
              ________      ________      ________      ________      ________
 SA                 0             0             0             0             0
 SB                 0             0             0             0             0
 SC                 0             0             0             0             0
 M                  0             0             0             0             0
 Y                  0             0             0            11             0
 X                  0             0             0             0             0


           BETA
              X
              ________
 SA                 0
 SB                 0
 SC                 0
 M                 10
 Y                 12
 X                  0


           PSI
              SA            SB            SC            M             Y
              ________      ________      ________      ________      ________
 SA                13
 SB                14            15
 SC                16            17            18
 M                 19            20            21            22
 Y                 23            24            25             0            26
 X                 27            28            29             0             0


           PSI
              X
              ________
 X                 30


     PARAMETER SPECIFICATION FOR THE ADDITIONAL PARAMETERS


           NEW/ADDITIONAL PARAMETERS
              A             B             INDB          INDW
              ________      ________      ________      ________
                   31            32            33            34


     STARTING VALUES FOR WITHIN


           NU
              M             Y             X
              ________      ________      ________
                0.000         0.000         0.000


           LAMBDA
              M             Y             X
              ________      ________      ________
 M              1.000         0.000         0.000
 Y              0.000         1.000         0.000
 X              0.000         0.000         1.000


           THETA
              M             Y             X
              ________      ________      ________
 M              0.000
 Y              0.000         0.000
 X              0.000         0.000         0.000


           ALPHA
              M             Y             X
              ________      ________      ________
                0.000         0.000         0.000


           BETA
              M             Y             X
              ________      ________      ________
 M              0.000         0.000         0.000
 Y              0.000         0.000         0.000
 X              0.000         0.000         0.000


           PSI
              M             Y             X
              ________      ________      ________
 M              1.352
 Y              0.000        11.068
 X              0.000         0.000         0.505


     STARTING VALUES FOR BETWEEN


           NU
              M             Y             X
              ________      ________      ________
                0.000         0.000         0.000


           LAMBDA
              SA            SB            SC            M             Y
              ________      ________      ________      ________      ________
 M              0.000         0.000         0.000         1.000         0.000
 Y              0.000         0.000         0.000         0.000         1.000
 X              0.000         0.000         0.000         0.000         0.000


           LAMBDA
              X
              ________
 M              0.000
 Y              0.000
 X              1.000


           THETA
              M             Y             X
              ________      ________      ________
 M              0.000
 Y              0.000         0.000
 X              0.000         0.000         0.000


           ALPHA
              SA            SB            SC            M             Y
              ________      ________      ________      ________      ________
                0.000         0.000         0.000         0.009         0.949


           ALPHA
              X
              ________
                0.045


           BETA
              SA            SB            SC            M             Y
              ________      ________      ________      ________      ________
 SA             0.000         0.000         0.000         0.000         0.000
 SB             0.000         0.000         0.000         0.000         0.000
 SC             0.000         0.000         0.000         0.000         0.000
 M              0.000         0.000         0.000         0.000         0.000
 Y              0.000         0.000         0.000         0.000         0.000
 X              0.000         0.000         0.000         0.000         0.000


           BETA
              X
              ________
 SA             0.000
 SB             0.000
 SC             0.000
 M              0.000
 Y              0.000
 X              0.000


           PSI
              SA            SB            SC            M             Y
              ________      ________      ________      ________      ________
 SA             1.000
 SB             0.000         1.000
 SC             0.000         0.000         1.000
 M              0.000         0.000         0.000         1.352
 Y              0.000         0.000         0.000         0.000        11.068
 X              0.000         0.000         0.000         0.000         0.000


           PSI
              X
              ________
 X              0.505


     STARTING VALUES FOR THE ADDITIONAL PARAMETERS


           NEW/ADDITIONAL PARAMETERS
              A             B             INDB          INDW
              ________      ________      ________      ________
                0.500         0.500         0.500         0.500


TECHNICAL 8 OUTPUT


   E STEP  ITER  LOGLIKELIHOOD    ABS CHANGE   REL CHANGE  ALGORITHM
              1 -0.10755603D+05    0.0000000    0.0000000  EM
              2 -0.89877834D+04 1767.8193194    0.1643626  EM
              3 -0.86146024D+04  373.1809328    0.0415209  EM
              4 -0.85672475D+04   47.3549892    0.0054971  EM
              5 -0.85537033D+04   13.5441751    0.0015809  EM
              6 -0.85467231D+04    6.9801830    0.0008160  EM
              7 -0.85424408D+04    4.2823186    0.0005010  EM
              8 -0.85395575D+04    2.8832883    0.0003375  EM
              9 -0.85374912D+04    2.0662600    0.0002420  EM
             10 -0.85359420D+04    1.5492237    0.0001815  EM
             11 -0.85347398D+04    1.2021847    0.0001408  EM
             12 -0.85337814D+04    0.9584641    0.0001123  EM
             13 -0.85330003D+04    0.7810378    0.0000915  EM
             14 -0.85323523D+04    0.6480369    0.0000759  EM
             15 -0.85318064D+04    0.5458822    0.0000640  EM
             16 -0.85313406D+04    0.4657915    0.0000546  EM
             17 -0.85309387D+04    0.4018870    0.0000471  EM
             18 -0.85305886D+04    0.3501161    0.0000410  EM
             19 -0.85302810D+04    0.3076119    0.0000361  EM
             20 -0.85300087D+04    0.2723047    0.0000319  EM
             21 -0.85297660D+04    0.2426687    0.0000284  EM
             22 -0.85295485D+04    0.2175601    0.0000255  EM
             23 -0.85293523D+04    0.1961085    0.0000230  EM
             24 -0.85291747D+04    0.1776417    0.0000208  EM
             25 -0.85290131D+04    0.1616343    0.0000190  EM
             26 -0.85288654D+04    0.1476717    0.0000173  EM
             27 -0.85287300D+04    0.1354224    0.0000159  EM
             28 -0.85286054D+04    0.1246182    0.0000146  EM
             29 -0.85284903D+04    0.1150429    0.0000135  EM
             30 -0.85283838D+04    0.1065184    0.0000125  EM
             31 -0.85282849D+04    0.0988965    0.0000116  EM
             32 -0.85281928D+04    0.0920556    0.0000108  EM
             33 -0.85281070D+04    0.0858935    0.0000101  EM
             34 -0.85280266D+04    0.0803232    0.0000094  EM
             35 -0.85279514D+04    0.0752722    0.0000088  EM
             36 -0.85278807D+04    0.0706782    0.0000083  EM
             37 -0.85278142D+04    0.0664881    0.0000078  EM
             38 -0.85277515D+04    0.0626563    0.0000073  EM
             39 -0.85276924D+04    0.0591431    0.0000069  EM
             40 -0.85276365D+04    0.0559145    0.0000066  EM
             41 -0.85275835D+04    0.0529409    0.0000062  EM
             42 -0.85275333D+04    0.0501961    0.0000059  EM
             43 -0.85274857D+04    0.0476575    0.0000056  EM
             44 -0.85274404D+04    0.0453049    0.0000053  EM
             45 -0.85273973D+04    0.0431209    0.0000051  EM
             46 -0.85273562D+04    0.0410897    0.0000048  EM
             47 -0.85273170D+04    0.0391976    0.0000046  EM
             48 -0.85272795D+04    0.0374321    0.0000044  EM
             49 -0.85272438D+04    0.0357823    0.0000042  EM
             50 -0.85272095D+04    0.0342385    0.0000040  EM
             51 -0.85271767D+04    0.0327917    0.0000038  EM
             52 -0.85271453D+04    0.0314339    0.0000037  EM
             53 -0.85271151D+04    0.0301583    0.0000035  EM
             54 -0.85270862D+04    0.0289581    0.0000034  EM
             55 -0.85270583D+04    0.0278278    0.0000033  EM
             56 -0.85270316D+04    0.0267619    0.0000031  EM
             57 -0.85270058D+04    0.0257557    0.0000030  EM
             58 -0.85269810D+04    0.0248048    0.0000029  EM
             59 -0.85269571D+04    0.0239053    0.0000028  EM
             60 -0.85269341D+04    0.0230537    0.0000027  EM
             61 -0.85269118D+04    0.0222464    0.0000026  EM
             62 -0.85268903D+04    0.0214807    0.0000025  EM
             63 -0.85268696D+04    0.0207535    0.0000024  EM
             64 -0.85268495D+04    0.0200625    0.0000024  EM
             65 -0.85268301D+04    0.0194053    0.0000023  EM
             66 -0.85268113D+04    0.0187797    0.0000022  EM
             67 -0.85267932D+04    0.0181838    0.0000021  EM
             68 -0.85267755D+04    0.0176156    0.0000021  EM
             69 -0.85267585D+04    0.0170736    0.0000020  EM
             70 -0.85267419D+04    0.0165562    0.0000019  EM
             71 -0.85267258D+04    0.0160617    0.0000019  EM
             72 -0.85267103D+04    0.0155891    0.0000018  EM
             73 -0.85266951D+04    0.0151369    0.0000018  EM
             74 -0.85266804D+04    0.0147041    0.0000017  EM
             75 -0.85266661D+04    0.0142896    0.0000017  EM
             76 -0.85266522D+04    0.0138923    0.0000016  EM
             77 -0.85266387D+04    0.0135113    0.0000016  EM
             78 -0.85266256D+04    0.0131457    0.0000015  EM
             79 -0.85266128D+04    0.0127947    0.0000015  EM
             80 -0.85266003D+04    0.0124576    0.0000015  EM
             81 -0.85265882D+04    0.0121336    0.0000014  EM
             82 -0.85265764D+04    0.0118222    0.0000014  EM
             83 -0.85265648D+04    0.0115224    0.0000014  EM
             84 -0.85265536D+04    0.0112340    0.0000013  EM
             85 -0.85265427D+04    0.0109563    0.0000013  EM
             86 -0.85265320D+04    0.0106887    0.0000013  EM
             87 -0.85265215D+04    0.0104309    0.0000012  EM
             88 -0.85265114D+04    0.0101822    0.0000012  EM
             89 -0.85265014D+04    0.0099423    0.0000012  EM
             90 -0.85264917D+04    0.0097108    0.0000011  EM
             91 -0.85264822D+04    0.0094873    0.0000011  EM
             92 -0.85264729D+04    0.0092715    0.0000011  EM
             93 -0.85264639D+04    0.0090629    0.0000011  EM
             94 -0.85264550D+04    0.0088613    0.0000010  EM
             95 -0.85264464D+04    0.0086664    0.0000010  EM
             96 -0.85264379D+04    0.0084778    0.0000010  EM
             97 -0.85264296D+04    0.0082954    0.0000010  EM
             98 -0.85264215D+04    0.0081188    0.0000010  EM
             99 -0.85264135D+04    0.0079478    0.0000009  EM
            100 -0.85264057D+04    0.0077821    0.0000009  EM
            101 -0.85263981D+04    0.0076216    0.0000009  EM
            102 -0.85263906D+04    0.0074661    0.0000009  EM
            103 -0.85263833D+04    0.0073152    0.0000009  EM
            104 -0.85263762D+04    0.0071689    0.0000008  EM
            105 -0.85263691D+04    0.0070270    0.0000008  EM
            106 -0.85263622D+04    0.0068893    0.0000008  EM
            107 -0.85263555D+04    0.0067555    0.0000008  EM
            108 -0.85263489D+04    0.0066257    0.0000008  EM
            109 -0.85263424D+04    0.0064996    0.0000008  EM
            110 -0.85263360D+04    0.0063770    0.0000007  EM
            111 -0.85263297D+04    0.0062579    0.0000007  EM
            112 -0.85260355D+04    0.2942660    0.0000345  QN


  THE OPTIMIZATION ALGORITHM HAS CHANGED TO THE EM ALGORITHM.



   E STEP  ITER  LOGLIKELIHOOD    ABS CHANGE   REL CHANGE  ALGORITHM
              1 -0.10755603D+05    0.0000000    0.0000000  EM
              2 -0.89877834D+04 1767.8193194    0.1643626  EM
              3 -0.86146024D+04  373.1809328    0.0415209  EM
              4 -0.85672475D+04   47.3549892    0.0054971  EM
              5 -0.85537033D+04   13.5441751    0.0015809  EM
              6 -0.85467231D+04    6.9801830    0.0008160  EM
              7 -0.85424408D+04    4.2823186    0.0005010  EM
              8 -0.85395575D+04    2.8832883    0.0003375  EM
              9 -0.85374912D+04    2.0662600    0.0002420  EM
             10 -0.85359420D+04    1.5492237    0.0001815  EM
             11 -0.85347398D+04    1.2021847    0.0001408  EM
             12 -0.85337814D+04    0.9584641    0.0001123  EM
             13 -0.85330003D+04    0.7810378    0.0000915  EM
             14 -0.85323523D+04    0.6480369    0.0000759  EM
             15 -0.85318064D+04    0.5458822    0.0000640  EM
             16 -0.85313406D+04    0.4657915    0.0000546  EM
             17 -0.85309387D+04    0.4018870    0.0000471  EM
             18 -0.85305886D+04    0.3501161    0.0000410  EM
             19 -0.85302810D+04    0.3076119    0.0000361  EM
             20 -0.85300087D+04    0.2723047    0.0000319  EM
             21 -0.85297660D+04    0.2426687    0.0000284  EM
             22 -0.85295485D+04    0.2175601    0.0000255  EM
             23 -0.85293523D+04    0.1961085    0.0000230  EM
             24 -0.85291747D+04    0.1776417    0.0000208  EM
             25 -0.85290131D+04    0.1616343    0.0000190  EM
             26 -0.85288654D+04    0.1476717    0.0000173  EM
             27 -0.85287300D+04    0.1354224    0.0000159  EM
             28 -0.85286054D+04    0.1246182    0.0000146  EM
             29 -0.85284903D+04    0.1150429    0.0000135  EM
             30 -0.85283838D+04    0.1065184    0.0000125  EM
             31 -0.85282849D+04    0.0988965    0.0000116  EM
             32 -0.85281928D+04    0.0920556    0.0000108  EM
             33 -0.85281070D+04    0.0858935    0.0000101  EM
             34 -0.85280266D+04    0.0803232    0.0000094  EM
             35 -0.85279514D+04    0.0752722    0.0000088  EM
             36 -0.85278807D+04    0.0706782    0.0000083  EM
             37 -0.85278142D+04    0.0664881    0.0000078  EM
             38 -0.85277515D+04    0.0626563    0.0000073  EM
             39 -0.85276924D+04    0.0591432    0.0000069  EM
             40 -0.85276365D+04    0.0559145    0.0000066  EM
             41 -0.85275835D+04    0.0529410    0.0000062  EM
             42 -0.85275333D+04    0.0501961    0.0000059  EM
             43 -0.85274857D+04    0.0476574    0.0000056  EM
             44 -0.85274404D+04    0.0453049    0.0000053  EM
             45 -0.85273973D+04    0.0431209    0.0000051  EM
             46 -0.85273562D+04    0.0410897    0.0000048  EM
             47 -0.85273170D+04    0.0391976    0.0000046  EM
             48 -0.85272795D+04    0.0374321    0.0000044  EM
             49 -0.85272438D+04    0.0357824    0.0000042  EM
             50 -0.85272095D+04    0.0342385    0.0000040  EM
             51 -0.85271767D+04    0.0327917    0.0000038  EM
             52 -0.85271453D+04    0.0314339    0.0000037  EM
             53 -0.85271151D+04    0.0301582    0.0000035  EM
             54 -0.85270862D+04    0.0289581    0.0000034  EM
             55 -0.85270583D+04    0.0278277    0.0000033  EM
             56 -0.85270316D+04    0.0267619    0.0000031  EM
             57 -0.85270058D+04    0.0257557    0.0000030  EM
             58 -0.85269810D+04    0.0248048    0.0000029  EM
             59 -0.85269571D+04    0.0239054    0.0000028  EM
             60 -0.85269341D+04    0.0230537    0.0000027  EM
             61 -0.85269118D+04    0.0222464    0.0000026  EM
             62 -0.85268903D+04    0.0214807    0.0000025  EM
             63 -0.85268696D+04    0.0207535    0.0000024  EM
             64 -0.85268495D+04    0.0200625    0.0000024  EM
             65 -0.85268301D+04    0.0194053    0.0000023  EM
             66 -0.85268113D+04    0.0187797    0.0000022  EM
             67 -0.85267932D+04    0.0181838    0.0000021  EM
             68 -0.85267755D+04    0.0176156    0.0000021  EM
             69 -0.85267585D+04    0.0170736    0.0000020  EM
             70 -0.85267419D+04    0.0165561    0.0000019  EM
             71 -0.85267258D+04    0.0160617    0.0000019  EM
             72 -0.85267103D+04    0.0155891    0.0000018  EM
             73 -0.85266951D+04    0.0151370    0.0000018  EM
             74 -0.85266804D+04    0.0147041    0.0000017  EM
             75 -0.85266661D+04    0.0142896    0.0000017  EM
             76 -0.85266522D+04    0.0138923    0.0000016  EM
             77 -0.85266387D+04    0.0135113    0.0000016  EM
             78 -0.85266256D+04    0.0131457    0.0000015  EM
             79 -0.85266128D+04    0.0127947    0.0000015  EM
             80 -0.85266003D+04    0.0124576    0.0000015  EM
             81 -0.85265882D+04    0.0121336    0.0000014  EM
             82 -0.85265764D+04    0.0118221    0.0000014  EM
             83 -0.85265648D+04    0.0115224    0.0000014  EM
             84 -0.85265536D+04    0.0112340    0.0000013  EM
             85 -0.85265427D+04    0.0109563    0.0000013  EM
             86 -0.85265320D+04    0.0106887    0.0000013  EM
             87 -0.85265215D+04    0.0104308    0.0000012  EM
             88 -0.85265114D+04    0.0101822    0.0000012  EM
             89 -0.85265014D+04    0.0099423    0.0000012  EM
             90 -0.85264917D+04    0.0097108    0.0000011  EM
             91 -0.85264822D+04    0.0094873    0.0000011  EM
             92 -0.85264729D+04    0.0092715    0.0000011  EM
             93 -0.85264639D+04    0.0090629    0.0000011  EM
             94 -0.85264550D+04    0.0088613    0.0000010  EM
             95 -0.85264464D+04    0.0086664    0.0000010  EM
             96 -0.85264379D+04    0.0084778    0.0000010  EM
             97 -0.85264296D+04    0.0082954    0.0000010  EM
             98 -0.85264215D+04    0.0081188    0.0000010  EM
             99 -0.85264135D+04    0.0079478    0.0000009  EM
            100 -0.85264057D+04    0.0077821    0.0000009  EM
            101 -0.85263981D+04    0.0076216    0.0000009  EM
            102 -0.85263906D+04    0.0074661    0.0000009  EM
            103 -0.85263833D+04    0.0073152    0.0000009  EM
            104 -0.85263762D+04    0.0071689    0.0000008  EM
            105 -0.85263691D+04    0.0070270    0.0000008  EM
            106 -0.85263622D+04    0.0068893    0.0000008  EM
            107 -0.85263555D+04    0.0067555    0.0000008  EM
            108 -0.85263489D+04    0.0066257    0.0000008  EM
            109 -0.85263424D+04    0.0064996    0.0000008  EM
            110 -0.85263360D+04    0.0063770    0.0000007  EM
            111 -0.85263297D+04    0.0062580    0.0000007  EM
            112 -0.85263236D+04    0.0061422    0.0000007  EM
            113 -0.85263176D+04    0.0060296    0.0000007  EM
            114 -0.85263116D+04    0.0059202    0.0000007  EM
            115 -0.85263058D+04    0.0058137    0.0000007  EM
            116 -0.85263001D+04    0.0057100    0.0000007  EM
            117 -0.85262945D+04    0.0056091    0.0000007  EM
            118 -0.85262890D+04    0.0055109    0.0000006  EM
            119 -0.85262836D+04    0.0054153    0.0000006  EM
            120 -0.85262783D+04    0.0053222    0.0000006  EM
            121 -0.85262730D+04    0.0052314    0.0000006  EM
            122 -0.85262679D+04    0.0051430    0.0000006  EM
            123 -0.85262628D+04    0.0050568    0.0000006  EM
            124 -0.85262578D+04    0.0049728    0.0000006  EM
            125 -0.85262530D+04    0.0048909    0.0000006  EM
            126 -0.85262481D+04    0.0048110    0.0000006  EM
            127 -0.85262434D+04    0.0047330    0.0000006  EM
            128 -0.85262388D+04    0.0046570    0.0000005  EM
            129 -0.85262342D+04    0.0045827    0.0000005  EM
            130 -0.85262297D+04    0.0045103    0.0000005  EM
            131 -0.85262252D+04    0.0044396    0.0000005  EM
            132 -0.85262209D+04    0.0043705    0.0000005  EM
            133 -0.85262166D+04    0.0043031    0.0000005  EM
            134 -0.85262123D+04    0.0042372    0.0000005  EM
            135 -0.85262081D+04    0.0041728    0.0000005  EM
            136 -0.85262040D+04    0.0041100    0.0000005  EM
            137 -0.85262000D+04    0.0040485    0.0000005  EM
            138 -0.85261960D+04    0.0039884    0.0000005  EM
            139 -0.85261921D+04    0.0039297    0.0000005  EM
            140 -0.85261882D+04    0.0038722    0.0000005  EM
            141 -0.85261844D+04    0.0038160    0.0000004  EM
            142 -0.85261806D+04    0.0037611    0.0000004  EM
            143 -0.85261769D+04    0.0037073    0.0000004  EM
            144 -0.85261733D+04    0.0036547    0.0000004  EM
            145 -0.85261696D+04    0.0036032    0.0000004  EM
            146 -0.85261661D+04    0.0035529    0.0000004  EM
            147 -0.85261626D+04    0.0035035    0.0000004  EM
            148 -0.85261591D+04    0.0034552    0.0000004  EM
            149 -0.85261557D+04    0.0034079    0.0000004  EM
            150 -0.85261524D+04    0.0033616    0.0000004  EM
            151 -0.85261491D+04    0.0033163    0.0000004  EM
            152 -0.85261458D+04    0.0032718    0.0000004  EM
            153 -0.85261426D+04    0.0032283    0.0000004  EM
            154 -0.85261394D+04    0.0031856    0.0000004  EM
            155 -0.85261362D+04    0.0031438    0.0000004  EM
            156 -0.85261331D+04    0.0031028    0.0000004  EM
            157 -0.85261301D+04    0.0030626    0.0000004  EM
            158 -0.85261270D+04    0.0030232    0.0000004  EM
            159 -0.85261240D+04    0.0029846    0.0000004  EM
            160 -0.85261211D+04    0.0029467    0.0000003  EM
            161 -0.85261182D+04    0.0029095    0.0000003  EM
            162 -0.85261153D+04    0.0028731    0.0000003  EM
            163 -0.85261125D+04    0.0028373    0.0000003  EM
            164 -0.85261097D+04    0.0028022    0.0000003  EM
            165 -0.85261069D+04    0.0027678    0.0000003  EM
            166 -0.85261042D+04    0.0027340    0.0000003  EM
            167 -0.85261015D+04    0.0027008    0.0000003  EM
            168 -0.85260988D+04    0.0026683    0.0000003  EM
            169 -0.85260962D+04    0.0026363    0.0000003  EM
            170 -0.85260936D+04    0.0026049    0.0000003  EM
            171 -0.85260910D+04    0.0025741    0.0000003  EM
            172 -0.85260885D+04    0.0025438    0.0000003  EM
            173 -0.85260859D+04    0.0025141    0.0000003  EM
            174 -0.85260835D+04    0.0024849    0.0000003  EM
            175 -0.85260810D+04    0.0024562    0.0000003  EM
            176 -0.85260786D+04    0.0024280    0.0000003  EM
            177 -0.85260762D+04    0.0024003    0.0000003  EM
            178 -0.85260738D+04    0.0023731    0.0000003  EM
            179 -0.85260714D+04    0.0023463    0.0000003  EM
            180 -0.85260691D+04    0.0023200    0.0000003  EM
            181 -0.85260668D+04    0.0022941    0.0000003  EM
            182 -0.85260646D+04    0.0022687    0.0000003  EM
            183 -0.85260623D+04    0.0022437    0.0000003  EM
            184 -0.85260601D+04    0.0022192    0.0000003  EM
            185 -0.85260579D+04    0.0021950    0.0000003  EM
            186 -0.85260557D+04    0.0021712    0.0000003  EM
            187 -0.85260536D+04    0.0021478    0.0000003  EM
            188 -0.85260515D+04    0.0021248    0.0000002  EM
            189 -0.85260494D+04    0.0021022    0.0000002  EM
            190 -0.85260473D+04    0.0020800    0.0000002  EM
            191 -0.85260452D+04    0.0020581    0.0000002  EM
            192 -0.85260432D+04    0.0020365    0.0000002  EM
            193 -0.85260412D+04    0.0020153    0.0000002  EM
            194 -0.85260392D+04    0.0019944    0.0000002  EM
            195 -0.85260372D+04    0.0019739    0.0000002  EM
            196 -0.85260352D+04    0.0019537    0.0000002  EM
            197 -0.85260333D+04    0.0019337    0.0000002  EM
            198 -0.85260314D+04    0.0019141    0.0000002  EM
            199 -0.85260295D+04    0.0018948    0.0000002  EM
            200 -0.85260276D+04    0.0018758    0.0000002  EM
            201 -0.85260258D+04    0.0018571    0.0000002  EM
            202 -0.85260239D+04    0.0018387    0.0000002  EM
            203 -0.85260221D+04    0.0018205    0.0000002  EM
            204 -0.85260203D+04    0.0018026    0.0000002  EM
            205 -0.85260185D+04    0.0017850    0.0000002  EM
            206 -0.85260168D+04    0.0017677    0.0000002  EM
            207 -0.85260150D+04    0.0017506    0.0000002  EM
            208 -0.85260133D+04    0.0017337    0.0000002  EM
            209 -0.85260116D+04    0.0017172    0.0000002  EM
            210 -0.85260099D+04    0.0017007    0.0000002  EM
            211 -0.85260082D+04    0.0016846    0.0000002  EM
            212 -0.85260065D+04    0.0016687    0.0000002  EM
            213 -0.85260049D+04    0.0016531    0.0000002  EM
            214 -0.85260032D+04    0.0016376    0.0000002  EM
            215 -0.85260016D+04    0.0016224    0.0000002  EM
            216 -0.85260000D+04    0.0016074    0.0000002  EM
            217 -0.85259984D+04    0.0015926    0.0000002  EM
            218 -0.85259968D+04    0.0015780    0.0000002  EM
            219 -0.85259952D+04    0.0015636    0.0000002  EM
            220 -0.85259937D+04    0.0015494    0.0000002  EM
            221 -0.85259922D+04    0.0015354    0.0000002  EM
            222 -0.85259906D+04    0.0015216    0.0000002  EM
            223 -0.85259891D+04    0.0015080    0.0000002  EM
            224 -0.85259876D+04    0.0014946    0.0000002  EM
            225 -0.85259862D+04    0.0014813    0.0000002  EM
            226 -0.85259847D+04    0.0014683    0.0000002  EM
            227 -0.85259832D+04    0.0014554    0.0000002  EM
            228 -0.85259818D+04    0.0014427    0.0000002  EM
            229 -0.85259804D+04    0.0014301    0.0000002  EM
            230 -0.85259789D+04    0.0014177    0.0000002  EM
            231 -0.85259775D+04    0.0014055    0.0000002  EM
            232 -0.85259761D+04    0.0013935    0.0000002  EM
            233 -0.85259748D+04    0.0013815    0.0000002  EM
            234 -0.85259734D+04    0.0013698    0.0000002  EM
            235 -0.85259720D+04    0.0013582    0.0000002  EM
            236 -0.85259707D+04    0.0013467    0.0000002  EM
            237 -0.85259694D+04    0.0013354    0.0000002  EM
            238 -0.85259680D+04    0.0013243    0.0000002  EM
            239 -0.85259667D+04    0.0013133    0.0000002  EM
            240 -0.85259654D+04    0.0013024    0.0000002  EM
            241 -0.85259641D+04    0.0012917    0.0000002  EM
            242 -0.85259628D+04    0.0012811    0.0000002  EM
            243 -0.85259616D+04    0.0012706    0.0000001  EM
            244 -0.85259603D+04    0.0012603    0.0000001  EM
            245 -0.85259591D+04    0.0012500    0.0000001  EM
            246 -0.85259578D+04    0.0012399    0.0000001  EM
            247 -0.85259566D+04    0.0012300    0.0000001  EM
            248 -0.85259554D+04    0.0012201    0.0000001  EM
            249 -0.85259542D+04    0.0012104    0.0000001  EM
            250 -0.85259530D+04    0.0012008    0.0000001  EM
            251 -0.85259518D+04    0.0011913    0.0000001  EM
            252 -0.85259506D+04    0.0011819    0.0000001  EM
            253 -0.85259494D+04    0.0011727    0.0000001  EM
            254 -0.85259482D+04    0.0011635    0.0000001  EM
            255 -0.85259471D+04    0.0011545    0.0000001  EM
            256 -0.85259459D+04    0.0011455    0.0000001  EM
            257 -0.85259448D+04    0.0011367    0.0000001  EM
            258 -0.85259437D+04    0.0011280    0.0000001  EM
            259 -0.85259426D+04    0.0011194    0.0000001  EM
            260 -0.85259415D+04    0.0011108    0.0000001  EM
            261 -0.85259404D+04    0.0011024    0.0000001  EM
            262 -0.85259393D+04    0.0010941    0.0000001  EM
            263 -0.85259382D+04    0.0010858    0.0000001  EM
            264 -0.85259371D+04    0.0010777    0.0000001  EM
            265 -0.85259360D+04    0.0010697    0.0000001  EM
            266 -0.85259350D+04    0.0010617    0.0000001  EM
            267 -0.85259339D+04    0.0010538    0.0000001  EM
            268 -0.85259329D+04    0.0010461    0.0000001  EM
            269 -0.85259318D+04    0.0010384    0.0000001  EM
            270 -0.85259308D+04    0.0010308    0.0000001  EM
            271 -0.85259298D+04    0.0010233    0.0000001  EM
            272 -0.85259288D+04    0.0010158    0.0000001  EM
            273 -0.85259277D+04    0.0010085    0.0000001  EM
            274 -0.85259267D+04    0.0010012    0.0000001  EM
            275 -0.85259258D+04    0.0009940    0.0000001  EM


   TECHNICAL 8 OUTPUT FOR THE H1 MODEL


   E STEP  ITER  LOGLIKELIHOOD    ABS CHANGE   REL CHANGE  ALGORITHM
              1 -0.10069030D+05    0.0000000    0.0000000  EM
              2 -0.10060241D+05    8.7885192    0.0008728  EM
              3 -0.10057118D+05    3.1230686    0.0003104  EM
              4 -0.10055234D+05    1.8845258    0.0001874  EM
              5 -0.10053979D+05    1.2543677    0.0001247  EM
              6 -0.10053089D+05    0.8896556    0.0000885  EM
              7 -0.10052429D+05    0.6607575    0.0000657  EM
              8 -0.10051920D+05    0.5083346    0.0000506  EM
              9 -0.10051518D+05    0.4020905    0.0000400  EM
             10 -0.10051193D+05    0.3252875    0.0000324  EM
             11 -0.10050925D+05    0.2680913    0.0000267  EM
             12 -0.10050700D+05    0.2244297    0.0000223  EM
             13 -0.10050510D+05    0.1903955    0.0000189  EM
             14 -0.10050347D+05    0.1633864    0.0000163  EM
             15 -0.10050205D+05    0.1416173    0.0000141  EM
             16 -0.10050081D+05    0.1238318    0.0000123  EM
             17 -0.10049972D+05    0.1091260    0.0000109  EM
             18 -0.10049875D+05    0.0968367    0.0000096  EM
             19 -0.10049789D+05    0.0864687    0.0000086  EM
             20 -0.10049711D+05    0.0776464    0.0000077  EM
             21 -0.10049641D+05    0.0700810    0.0000070  EM
             22 -0.10049578D+05    0.0635476    0.0000063  EM
             23 -0.10049520D+05    0.0578692    0.0000058  EM
             24 -0.10049467D+05    0.0529046    0.0000053  EM
             25 -0.10049418D+05    0.0485407    0.0000048  EM
             26 -0.10049374D+05    0.0446854    0.0000044  EM
             27 -0.10049332D+05    0.0412637    0.0000041  EM
             28 -0.10049294D+05    0.0382138    0.0000038  EM
             29 -0.10049259D+05    0.0354843    0.0000035  EM
             30 -0.10049226D+05    0.0330326    0.0000033  EM
             31 -0.10049195D+05    0.0308225    0.0000031  EM
             32 -0.10049166D+05    0.0288238    0.0000029  EM
             33 -0.10049139D+05    0.0270107    0.0000027  EM
             34 -0.10049114D+05    0.0253611    0.0000025  EM
             35 -0.10049090D+05    0.0238563    0.0000024  EM
             36 -0.10049067D+05    0.0224799    0.0000022  EM
             37 -0.10049046D+05    0.0212180    0.0000021  EM
             38 -0.10049026D+05    0.0200583    0.0000020  EM
             39 -0.10049007D+05    0.0189903    0.0000019  EM
             40 -0.10048989D+05    0.0180045    0.0000018  EM
             41 -0.10048972D+05    0.0170930    0.0000017  EM
             42 -0.10048956D+05    0.0162485    0.0000016  EM
             43 -0.10048940D+05    0.0154646    0.0000015  EM
             44 -0.10048925D+05    0.0147358    0.0000015  EM
             45 -0.10048911D+05    0.0140571    0.0000014  EM
             46 -0.10048898D+05    0.0134240    0.0000013  EM
             47 -0.10048885D+05    0.0128327    0.0000013  EM
             48 -0.10048873D+05    0.0122794    0.0000012  EM
             49 -0.10048861D+05    0.0117612    0.0000012  EM
             50 -0.10048850D+05    0.0112750    0.0000011  EM
             51 -0.10048839D+05    0.0108184    0.0000011  EM
             52 -0.10048829D+05    0.0103890    0.0000010  EM
             53 -0.10048819D+05    0.0099847    0.0000010  EM
             54 -0.10048809D+05    0.0096037    0.0000010  EM
             55 -0.10048800D+05    0.0092441    0.0000009  EM
             56 -0.10048791D+05    0.0089044    0.0000009  EM
             57 -0.10048782D+05    0.0085833    0.0000009  EM
             58 -0.10048774D+05    0.0082793    0.0000008  EM
             59 -0.10048766D+05    0.0079913    0.0000008  EM
             60 -0.10048758D+05    0.0077182    0.0000008  EM
             61 -0.10048751D+05    0.0074590    0.0000007  EM
             62 -0.10048744D+05    0.0072127    0.0000007  EM
             63 -0.10048737D+05    0.0069786    0.0000007  EM
             64 -0.10048730D+05    0.0067558    0.0000007  EM
             65 -0.10048723D+05    0.0065437    0.0000007  EM
             66 -0.10048717D+05    0.0063416    0.0000006  EM
             67 -0.10048711D+05    0.0061488    0.0000006  EM
             68 -0.10048705D+05    0.0059647    0.0000006  EM
             69 -0.10048699D+05    0.0057890    0.0000006  EM
             70 -0.10048693D+05    0.0056211    0.0000006  EM
             71 -0.10048688D+05    0.0054604    0.0000005  EM
             72 -0.10048683D+05    0.0053067    0.0000005  EM
             73 -0.10048678D+05    0.0051596    0.0000005  EM
             74 -0.10048672D+05    0.0050186    0.0000005  EM
             75 -0.10048668D+05    0.0048834    0.0000005  EM
             76 -0.10048663D+05    0.0047537    0.0000005  EM
             77 -0.10048658D+05    0.0046292    0.0000005  EM
             78 -0.10048654D+05    0.0045097    0.0000004  EM
             79 -0.10048649D+05    0.0043948    0.0000004  EM
             80 -0.10048645D+05    0.0042844    0.0000004  EM
             81 -0.10048641D+05    0.0041783    0.0000004  EM
             82 -0.10048637D+05    0.0040761    0.0000004  EM
             83 -0.10048633D+05    0.0039777    0.0000004  EM
             84 -0.10048629D+05    0.0038829    0.0000004  EM
             85 -0.10048625D+05    0.0037916    0.0000004  EM
             86 -0.10048621D+05    0.0037036    0.0000004  EM
             87 -0.10048618D+05    0.0036187    0.0000004  EM
             88 -0.10048614D+05    0.0035367    0.0000004  EM
             89 -0.10048611D+05    0.0034576    0.0000003  EM
             90 -0.10048607D+05    0.0033812    0.0000003  EM
             91 -0.10048604D+05    0.0033074    0.0000003  EM
             92 -0.10048601D+05    0.0032361    0.0000003  EM
             93 -0.10048598D+05    0.0031671    0.0000003  EM
             94 -0.10048595D+05    0.0031004    0.0000003  EM
             95 -0.10048592D+05    0.0030358    0.0000003  EM
             96 -0.10048589D+05    0.0029733    0.0000003  EM
             97 -0.10048586D+05    0.0029128    0.0000003  EM
             98 -0.10048583D+05    0.0028542    0.0000003  EM
             99 -0.10048580D+05    0.0027974    0.0000003  EM
            100 -0.10048577D+05    0.0027424    0.0000003  EM
            101 -0.10048575D+05    0.0026890    0.0000003  EM
            102 -0.10048572D+05    0.0026372    0.0000003  EM
            103 -0.10048569D+05    0.0025870    0.0000003  EM
            104 -0.10048567D+05    0.0025382    0.0000003  EM
            105 -0.10048564D+05    0.0024909    0.0000002  EM
            106 -0.10048562D+05    0.0024449    0.0000002  EM
            107 -0.10048560D+05    0.0024002    0.0000002  EM
            108 -0.10048557D+05    0.0023568    0.0000002  EM
            109 -0.10048555D+05    0.0023146    0.0000002  EM
            110 -0.10048553D+05    0.0022736    0.0000002  EM
            111 -0.10048550D+05    0.0022337    0.0000002  EM
            112 -0.10048548D+05    0.0021949    0.0000002  EM
            113 -0.10048546D+05    0.0021572    0.0000002  EM
            114 -0.10048544D+05    0.0021204    0.0000002  EM
            115 -0.10048542D+05    0.0020847    0.0000002  EM
            116 -0.10048540D+05    0.0020498    0.0000002  EM
            117 -0.10048538D+05    0.0020159    0.0000002  EM
            118 -0.10048536D+05    0.0019828    0.0000002  EM
            119 -0.10048534D+05    0.0019506    0.0000002  EM
            120 -0.10048532D+05    0.0019192    0.0000002  EM
            121 -0.10048530D+05    0.0018886    0.0000002  EM
            122 -0.10048528D+05    0.0018587    0.0000002  EM
            123 -0.10048526D+05    0.0018296    0.0000002  EM
            124 -0.10048524D+05    0.0018012    0.0000002  EM
            125 -0.10048523D+05    0.0017735    0.0000002  EM
            126 -0.10048521D+05    0.0017464    0.0000002  EM
            127 -0.10048519D+05    0.0017200    0.0000002  EM
            128 -0.10048518D+05    0.0016942    0.0000002  EM
            129 -0.10048516D+05    0.0016690    0.0000002  EM
            130 -0.10048514D+05    0.0016444    0.0000002  EM
            131 -0.10048513D+05    0.0016204    0.0000002  EM
            132 -0.10048511D+05    0.0015969    0.0000002  EM
            133 -0.10048509D+05    0.0015739    0.0000002  EM
            134 -0.10048508D+05    0.0015515    0.0000002  EM
            135 -0.10048506D+05    0.0015296    0.0000002  EM
            136 -0.10048505D+05    0.0015081    0.0000002  EM
            137 -0.10048503D+05    0.0014871    0.0000001  EM
            138 -0.10048502D+05    0.0014666    0.0000001  EM
            139 -0.10048500D+05    0.0014465    0.0000001  EM
            140 -0.10048499D+05    0.0014268    0.0000001  EM
            141 -0.10048498D+05    0.0014076    0.0000001  EM
            142 -0.10048496D+05    0.0013887    0.0000001  EM
            143 -0.10048495D+05    0.0013703    0.0000001  EM
            144 -0.10048494D+05    0.0013522    0.0000001  EM
            145 -0.10048492D+05    0.0013345    0.0000001  EM
            146 -0.10048491D+05    0.0013172    0.0000001  EM
            147 -0.10048490D+05    0.0013002    0.0000001  EM
            148 -0.10048488D+05    0.0012836    0.0000001  EM
            149 -0.10048487D+05    0.0012673    0.0000001  EM
            150 -0.10048486D+05    0.0012513    0.0000001  EM
            151 -0.10048485D+05    0.0012357    0.0000001  EM
            152 -0.10048483D+05    0.0012203    0.0000001  EM
            153 -0.10048482D+05    0.0012052    0.0000001  EM
            154 -0.10048481D+05    0.0011905    0.0000001  EM
            155 -0.10048480D+05    0.0011760    0.0000001  EM
            156 -0.10048479D+05    0.0011618    0.0000001  EM
            157 -0.10048477D+05    0.0011478    0.0000001  EM
            158 -0.10048476D+05    0.0011341    0.0000001  EM
            159 -0.10048475D+05    0.0011207    0.0000001  EM
            160 -0.10048474D+05    0.0011075    0.0000001  EM
            161 -0.10048473D+05    0.0010946    0.0000001  EM
            162 -0.10048472D+05    0.0010819    0.0000001  EM
            163 -0.10048471D+05    0.0010694    0.0000001  EM
            164 -0.10048470D+05    0.0010572    0.0000001  EM
            165 -0.10048469D+05    0.0010452    0.0000001  EM
            166 -0.10048468D+05    0.0010333    0.0000001  EM
            167 -0.10048467D+05    0.0010217    0.0000001  EM
            168 -0.10048466D+05    0.0010103    0.0000001  EM
            169 -0.10048465D+05    0.0009991    0.0000001  EM
            170 -0.10048464D+05    0.0009881    0.0000001  EM
            171 -0.10048463D+05    0.0009773    0.0000001  EM
            172 -0.10048462D+05    0.0009667    0.0000001  EM
            173 -0.10048461D+05    0.0009562    0.0000001  EM
            174 -0.10048460D+05    0.0009459    0.0000001  EM
            175 -0.10048459D+05    0.0009358    0.0000001  EM
            176 -0.10048458D+05    0.0009259    0.0000001  EM
            177 -0.10048457D+05    0.0009161    0.0000001  EM
            178 -0.10048456D+05    0.0009065    0.0000001  EM
            179 -0.10048455D+05    0.0008971    0.0000001  EM
            180 -0.10048454D+05    0.0008878    0.0000001  EM
            181 -0.10048453D+05    0.0008786    0.0000001  EM
            182 -0.10048453D+05    0.0008696    0.0000001  EM
            183 -0.10048452D+05    0.0008607    0.0000001  EM
            184 -0.10048451D+05    0.0008520    0.0000001  EM
            185 -0.10048450D+05    0.0008434    0.0000001  EM
            186 -0.10048449D+05    0.0008350    0.0000001  EM
            187 -0.10048448D+05    0.0008267    0.0000001  EM
            188 -0.10048448D+05    0.0008185    0.0000001  EM
            189 -0.10048447D+05    0.0008104    0.0000001  EM
            190 -0.10048446D+05    0.0008025    0.0000001  EM
            191 -0.10048445D+05    0.0007947    0.0000001  EM
            192 -0.10048444D+05    0.0007870    0.0000001  EM
            193 -0.10048444D+05    0.0007794    0.0000001  EM
            194 -0.10048443D+05    0.0007719    0.0000001  EM
            195 -0.10048442D+05    0.0007646    0.0000001  EM
            196 -0.10048441D+05    0.0007573    0.0000001  EM
            197 -0.10048441D+05    0.0007502    0.0000001  EM
            198 -0.10048440D+05    0.0007432    0.0000001  EM
            199 -0.10048439D+05    0.0007362    0.0000001  EM
            200 -0.10048438D+05    0.0007294    0.0000001  EM
            201 -0.10048438D+05    0.0007227    0.0000001  EM
            202 -0.10048437D+05    0.0007160    0.0000001  EM
            203 -0.10048436D+05    0.0007095    0.0000001  EM
            204 -0.10048435D+05    0.0007030    0.0000001  EM
            205 -0.10048435D+05    0.0006967    0.0000001  EM
            206 -0.10048434D+05    0.0006904    0.0000001  EM
            207 -0.10048433D+05    0.0006842    0.0000001  EM
            208 -0.10048433D+05    0.0006781    0.0000001  EM
            209 -0.10048432D+05    0.0006721    0.0000001  EM
            210 -0.10048431D+05    0.0006662    0.0000001  EM
            211 -0.10048431D+05    0.0006604    0.0000001  EM
            212 -0.10048430D+05    0.0006546    0.0000001  EM
            213 -0.10048429D+05    0.0006489    0.0000001  EM
            214 -0.10048429D+05    0.0006433    0.0000001  EM
            215 -0.10048428D+05    0.0006378    0.0000001  EM
            216 -0.10048428D+05    0.0006323    0.0000001  EM
            217 -0.10048427D+05    0.0006269    0.0000001  EM
            218 -0.10048426D+05    0.0006216    0.0000001  EM
            219 -0.10048426D+05    0.0006163    0.0000001  EM
            220 -0.10048425D+05    0.0006112    0.0000001  EM
            221 -0.10048424D+05    0.0006060    0.0000001  EM
            222 -0.10048424D+05    0.0006010    0.0000001  EM
            223 -0.10048423D+05    0.0005960    0.0000001  EM
            224 -0.10048423D+05    0.0005911    0.0000001  EM
            225 -0.10048422D+05    0.0005862    0.0000001  EM
            226 -0.10048421D+05    0.0005814    0.0000001  EM
            227 -0.10048421D+05    0.0005767    0.0000001  EM
            228 -0.10048420D+05    0.0005720    0.0000001  EM
            229 -0.10048420D+05    0.0005674    0.0000001  EM
            230 -0.10048419D+05    0.0005629    0.0000001  EM
            231 -0.10048419D+05    0.0005584    0.0000001  EM
            232 -0.10048418D+05    0.0005539    0.0000001  EM
            233 -0.10048418D+05    0.0005495    0.0000001  EM
            234 -0.10048417D+05    0.0005452    0.0000001  EM
            235 -0.10048416D+05    0.0005409    0.0000001  EM
            236 -0.10048416D+05    0.0005367    0.0000001  EM
            237 -0.10048415D+05    0.0005325    0.0000001  EM
            238 -0.10048415D+05    0.0005284    0.0000001  EM
            239 -0.10048414D+05    0.0005243    0.0000001  EM
            240 -0.10048414D+05    0.0005203    0.0000001  EM
            241 -0.10048413D+05    0.0005163    0.0000001  EM
            242 -0.10048413D+05    0.0005124    0.0000001  EM
            243 -0.10048412D+05    0.0005085    0.0000001  EM
            244 -0.10048412D+05    0.0005046    0.0000001  EM
            245 -0.10048411D+05    0.0005008    0.0000000  EM
            246 -0.10048411D+05    0.0004971    0.0000000  EM
            247 -0.10048410D+05    0.0004934    0.0000000  EM
            248 -0.10048410D+05    0.0004897    0.0000000  EM
            249 -0.10048409D+05    0.0004861    0.0000000  EM
            250 -0.10048409D+05    0.0004825    0.0000000  EM
            251 -0.10048408D+05    0.0004790    0.0000000  EM
            252 -0.10048408D+05    0.0004755    0.0000000  EM
            253 -0.10048407D+05    0.0004720    0.0000000  EM
            254 -0.10048407D+05    0.0004686    0.0000000  EM
            255 -0.10048406D+05    0.0004652    0.0000000  EM
            256 -0.10048406D+05    0.0004618    0.0000000  EM
            257 -0.10048406D+05    0.0004585    0.0000000  EM
            258 -0.10048405D+05    0.0004552    0.0000000  EM
            259 -0.10048405D+05    0.0004520    0.0000000  EM
            260 -0.10048404D+05    0.0004488    0.0000000  EM
            261 -0.10048404D+05    0.0004456    0.0000000  EM
            262 -0.10048403D+05    0.0004425    0.0000000  EM
            263 -0.10048403D+05    0.0004394    0.0000000  EM
            264 -0.10048402D+05    0.0004363    0.0000000  EM
            265 -0.10048402D+05    0.0004333    0.0000000  EM
            266 -0.10048402D+05    0.0004303    0.0000000  EM
            267 -0.10048401D+05    0.0004273    0.0000000  EM
            268 -0.10048401D+05    0.0004244    0.0000000  EM
            269 -0.10048400D+05    0.0004215    0.0000000  EM
            270 -0.10048400D+05    0.0004186    0.0000000  EM
            271 -0.10048399D+05    0.0004158    0.0000000  EM
            272 -0.10048399D+05    0.0004130    0.0000000  EM
            273 -0.10048399D+05    0.0004102    0.0000000  EM
            274 -0.10048398D+05    0.0004074    0.0000000  EM
            275 -0.10048398D+05    0.0004047    0.0000000  EM
            276 -0.10048397D+05    0.0004020    0.0000000  EM
            277 -0.10048397D+05    0.0003993    0.0000000  EM
            278 -0.10048397D+05    0.0003967    0.0000000  EM
            279 -0.10048396D+05    0.0003941    0.0000000  EM
            280 -0.10048396D+05    0.0003915    0.0000000  EM
            281 -0.10048395D+05    0.0003889    0.0000000  EM
            282 -0.10048395D+05    0.0003864    0.0000000  EM
            283 -0.10048395D+05    0.0003839    0.0000000  EM
            284 -0.10048394D+05    0.0003814    0.0000000  EM
            285 -0.10048394D+05    0.0003789    0.0000000  EM
            286 -0.10048394D+05    0.0003765    0.0000000  EM
            287 -0.10048393D+05    0.0003741    0.0000000  EM
            288 -0.10048393D+05    0.0003717    0.0000000  EM
            289 -0.10048392D+05    0.0003693    0.0000000  EM
            290 -0.10048392D+05    0.0003670    0.0000000  EM
            291 -0.10048392D+05    0.0003646    0.0000000  EM
            292 -0.10048391D+05    0.0003623    0.0000000  EM
            293 -0.10048391D+05    0.0003601    0.0000000  EM
            294 -0.10048391D+05    0.0003578    0.0000000  EM
            295 -0.10048390D+05    0.0003556    0.0000000  EM
            296 -0.10048390D+05    0.0003534    0.0000000  EM
            297 -0.10048390D+05    0.0003512    0.0000000  EM
            298 -0.10048389D+05    0.0003490    0.0000000  EM
            299 -0.10048389D+05    0.0003469    0.0000000  EM
            300 -0.10048388D+05    0.0003447    0.0000000  EM
            301 -0.10048388D+05    0.0003426    0.0000000  EM
            302 -0.10048388D+05    0.0003405    0.0000000  EM
            303 -0.10048387D+05    0.0003385    0.0000000  EM
            304 -0.10048387D+05    0.0003364    0.0000000  EM
            305 -0.10048387D+05    0.0003344    0.0000000  EM
            306 -0.10048386D+05    0.0003324    0.0000000  EM
            307 -0.10048386D+05    0.0003304    0.0000000  EM
            308 -0.10048386D+05    0.0003284    0.0000000  EM
            309 -0.10048385D+05    0.0003265    0.0000000  EM
            310 -0.10048385D+05    0.0003245    0.0000000  EM
            311 -0.10048385D+05    0.0003226    0.0000000  EM
            312 -0.10048385D+05    0.0003207    0.0000000  EM
            313 -0.10048384D+05    0.0003188    0.0000000  EM
            314 -0.10048384D+05    0.0003170    0.0000000  EM
            315 -0.10048384D+05    0.0003151    0.0000000  EM
            316 -0.10048383D+05    0.0003133    0.0000000  EM
            317 -0.10048383D+05    0.0003115    0.0000000  EM
            318 -0.10048383D+05    0.0003097    0.0000000  EM
            319 -0.10048382D+05    0.0003079    0.0000000  EM
            320 -0.10048382D+05    0.0003061    0.0000000  EM
            321 -0.10048382D+05    0.0003043    0.0000000  EM
            322 -0.10048381D+05    0.0003026    0.0000000  EM
            323 -0.10048381D+05    0.0003009    0.0000000  EM
            324 -0.10048381D+05    0.0002992    0.0000000  EM
            325 -0.10048381D+05    0.0002975    0.0000000  EM
            326 -0.10048380D+05    0.0002958    0.0000000  EM
            327 -0.10048380D+05    0.0002941    0.0000000  EM
            328 -0.10048380D+05    0.0002925    0.0000000  EM
            329 -0.10048379D+05    0.0002909    0.0000000  EM
            330 -0.10048379D+05    0.0002892    0.0000000  EM
            331 -0.10048379D+05    0.0002876    0.0000000  EM
            332 -0.10048378D+05    0.0002860    0.0000000  EM
            333 -0.10048378D+05    0.0002845    0.0000000  EM
            334 -0.10048378D+05    0.0002829    0.0000000  EM
            335 -0.10048378D+05    0.0002813    0.0000000  EM
            336 -0.10048377D+05    0.0002798    0.0000000  EM
            337 -0.10048377D+05    0.0002783    0.0000000  EM
            338 -0.10048377D+05    0.0002768    0.0000000  EM
            339 -0.10048377D+05    0.0002752    0.0000000  EM
            340 -0.10048376D+05    0.0002738    0.0000000  EM
            341 -0.10048376D+05    0.0002723    0.0000000  EM
            342 -0.10048376D+05    0.0002708    0.0000000  EM
            343 -0.10048375D+05    0.0002694    0.0000000  EM
            344 -0.10048375D+05    0.0002679    0.0000000  EM
            345 -0.10048375D+05    0.0002665    0.0000000  EM
            346 -0.10048375D+05    0.0002651    0.0000000  EM
            347 -0.10048374D+05    0.0002637    0.0000000  EM
            348 -0.10048374D+05    0.0002623    0.0000000  EM
            349 -0.10048374D+05    0.0002609    0.0000000  EM
            350 -0.10048374D+05    0.0002595    0.0000000  EM
            351 -0.10048373D+05    0.0002582    0.0000000  EM
            352 -0.10048373D+05    0.0002568    0.0000000  EM
            353 -0.10048373D+05    0.0002555    0.0000000  EM
            354 -0.10048373D+05    0.0002542    0.0000000  EM
            355 -0.10048372D+05    0.0002528    0.0000000  EM
            356 -0.10048372D+05    0.0002515    0.0000000  EM
            357 -0.10048372D+05    0.0002502    0.0000000  EM
            358 -0.10048372D+05    0.0002489    0.0000000  EM
            359 -0.10048371D+05    0.0002477    0.0000000  EM
            360 -0.10048371D+05    0.0002464    0.0000000  EM
            361 -0.10048371D+05    0.0002451    0.0000000  EM
            362 -0.10048371D+05    0.0002439    0.0000000  EM
            363 -0.10048370D+05    0.0002427    0.0000000  EM
            364 -0.10048370D+05    0.0002414    0.0000000  EM
            365 -0.10048370D+05    0.0002402    0.0000000  EM
            366 -0.10048370D+05    0.0002390    0.0000000  EM
            367 -0.10048369D+05    0.0002378    0.0000000  EM
            368 -0.10048369D+05    0.0002366    0.0000000  EM
            369 -0.10048369D+05    0.0002354    0.0000000  EM
            370 -0.10048369D+05    0.0002343    0.0000000  EM
            371 -0.10048368D+05    0.0002331    0.0000000  EM
            372 -0.10048368D+05    0.0002320    0.0000000  EM
            373 -0.10048368D+05    0.0002308    0.0000000  EM
            374 -0.10048368D+05    0.0002297    0.0000000  EM
            375 -0.10048368D+05    0.0002286    0.0000000  EM
            376 -0.10048367D+05    0.0002274    0.0000000  EM
            377 -0.10048367D+05    0.0002263    0.0000000  EM
            378 -0.10048367D+05    0.0002252    0.0000000  EM
            379 -0.10048367D+05    0.0002241    0.0000000  EM
            380 -0.10048366D+05    0.0002230    0.0000000  EM
            381 -0.10048366D+05    0.0002220    0.0000000  EM
            382 -0.10048366D+05    0.0002209    0.0000000  EM
            383 -0.10048366D+05    0.0002198    0.0000000  EM
            384 -0.10048366D+05    0.0002188    0.0000000  EM
            385 -0.10048365D+05    0.0002177    0.0000000  EM
            386 -0.10048365D+05    0.0002167    0.0000000  EM
            387 -0.10048365D+05    0.0002157    0.0000000  EM
            388 -0.10048365D+05    0.0002146    0.0000000  EM
            389 -0.10048364D+05    0.0002136    0.0000000  EM
            390 -0.10048364D+05    0.0002126    0.0000000  EM
            391 -0.10048364D+05    0.0002116    0.0000000  EM
            392 -0.10048364D+05    0.0002106    0.0000000  EM
            393 -0.10048364D+05    0.0002096    0.0000000  EM
            394 -0.10048363D+05    0.0002087    0.0000000  EM
            395 -0.10048363D+05    0.0002077    0.0000000  EM
            396 -0.10048363D+05    0.0002067    0.0000000  EM
            397 -0.10048363D+05    0.0002058    0.0000000  EM
            398 -0.10048363D+05    0.0002048    0.0000000  EM
            399 -0.10048362D+05    0.0002039    0.0000000  EM
            400 -0.10048362D+05    0.0002029    0.0000000  EM
            401 -0.10048362D+05    0.0002020    0.0000000  EM
            402 -0.10048362D+05    0.0002011    0.0000000  EM
            403 -0.10048362D+05    0.0002002    0.0000000  EM
            404 -0.10048361D+05    0.0001992    0.0000000  EM
            405 -0.10048361D+05    0.0001983    0.0000000  EM
            406 -0.10048361D+05    0.0001974    0.0000000  EM
            407 -0.10048361D+05    0.0001965    0.0000000  EM
            408 -0.10048361D+05    0.0001957    0.0000000  EM
            409 -0.10048360D+05    0.0001948    0.0000000  EM
            410 -0.10048360D+05    0.0001939    0.0000000  EM
            411 -0.10048360D+05    0.0001930    0.0000000  EM
            412 -0.10048360D+05    0.0001922    0.0000000  EM
            413 -0.10048360D+05    0.0001913    0.0000000  EM
            414 -0.10048359D+05    0.0001905    0.0000000  EM
            415 -0.10048359D+05    0.0001896    0.0000000  EM
            416 -0.10048359D+05    0.0001888    0.0000000  EM
            417 -0.10048359D+05    0.0001879    0.0000000  EM
            418 -0.10048359D+05    0.0001871    0.0000000  EM
            419 -0.10048358D+05    0.0001863    0.0000000  EM
            420 -0.10048358D+05    0.0001855    0.0000000  EM
            421 -0.10048358D+05    0.0001847    0.0000000  EM
            422 -0.10048358D+05    0.0001839    0.0000000  EM
            423 -0.10048358D+05    0.0001831    0.0000000  EM
            424 -0.10048358D+05    0.0001823    0.0000000  EM
            425 -0.10048357D+05    0.0001815    0.0000000  EM
            426 -0.10048357D+05    0.0001807    0.0000000  EM
            427 -0.10048357D+05    0.0001799    0.0000000  EM
            428 -0.10048357D+05    0.0001791    0.0000000  EM
            429 -0.10048357D+05    0.0001784    0.0000000  EM
            430 -0.10048356D+05    0.0001776    0.0000000  EM
            431 -0.10048356D+05    0.0001768    0.0000000  EM
            432 -0.10048356D+05    0.0001761    0.0000000  EM
            433 -0.10048356D+05    0.0001753    0.0000000  EM
            434 -0.10048356D+05    0.0001746    0.0000000  EM
            435 -0.10048356D+05    0.0001739    0.0000000  EM
            436 -0.10048355D+05    0.0001731    0.0000000  EM
            437 -0.10048355D+05    0.0001724    0.0000000  EM
            438 -0.10048355D+05    0.0001717    0.0000000  EM
            439 -0.10048355D+05    0.0001709    0.0000000  EM
            440 -0.10048355D+05    0.0001702    0.0000000  EM
            441 -0.10048355D+05    0.0001695    0.0000000  EM
            442 -0.10048354D+05    0.0001688    0.0000000  EM
            443 -0.10048354D+05    0.0001681    0.0000000  EM
            444 -0.10048354D+05    0.0001674    0.0000000  EM
            445 -0.10048354D+05    0.0001667    0.0000000  EM
            446 -0.10048354D+05    0.0001660    0.0000000  EM
            447 -0.10048354D+05    0.0001653    0.0000000  EM
            448 -0.10048353D+05    0.0001647    0.0000000  EM
            449 -0.10048353D+05    0.0001640    0.0000000  EM
            450 -0.10048353D+05    0.0001633    0.0000000  EM
            451 -0.10048353D+05    0.0001627    0.0000000  EM
            452 -0.10048353D+05    0.0001620    0.0000000  EM
            453 -0.10048353D+05    0.0001613    0.0000000  EM
            454 -0.10048352D+05    0.0001607    0.0000000  EM
            455 -0.10048352D+05    0.0001600    0.0000000  EM
            456 -0.10048352D+05    0.0001594    0.0000000  EM
            457 -0.10048352D+05    0.0001587    0.0000000  EM
            458 -0.10048352D+05    0.0001581    0.0000000  EM
            459 -0.10048352D+05    0.0001575    0.0000000  EM
            460 -0.10048351D+05    0.0001568    0.0000000  EM
            461 -0.10048351D+05    0.0001562    0.0000000  EM
            462 -0.10048351D+05    0.0001556    0.0000000  EM
            463 -0.10048351D+05    0.0001550    0.0000000  EM
            464 -0.10048351D+05    0.0001543    0.0000000  EM
            465 -0.10048351D+05    0.0001537    0.0000000  EM
            466 -0.10048351D+05    0.0001531    0.0000000  EM
            467 -0.10048350D+05    0.0001525    0.0000000  EM
            468 -0.10048350D+05    0.0001519    0.0000000  EM
            469 -0.10048350D+05    0.0001513    0.0000000  EM
            470 -0.10048350D+05    0.0001507    0.0000000  EM
            471 -0.10048350D+05    0.0001501    0.0000000  EM
            472 -0.10048350D+05    0.0001496    0.0000000  EM
            473 -0.10048349D+05    0.0001490    0.0000000  EM
            474 -0.10048349D+05    0.0001484    0.0000000  EM
            475 -0.10048349D+05    0.0001478    0.0000000  EM
            476 -0.10048349D+05    0.0001472    0.0000000  EM
            477 -0.10048349D+05    0.0001467    0.0000000  EM
            478 -0.10048349D+05    0.0001461    0.0000000  EM
            479 -0.10048349D+05    0.0001455    0.0000000  EM
            480 -0.10048348D+05    0.0001450    0.0000000  EM
            481 -0.10048348D+05    0.0001444    0.0000000  EM
            482 -0.10048348D+05    0.0001439    0.0000000  EM
            483 -0.10048348D+05    0.0001433    0.0000000  EM
            484 -0.10048348D+05    0.0001428    0.0000000  EM
            485 -0.10048348D+05    0.0001422    0.0000000  EM
            486 -0.10048348D+05    0.0001417    0.0000000  EM
            487 -0.10048347D+05    0.0001412    0.0000000  EM
            488 -0.10048347D+05    0.0001406    0.0000000  EM
            489 -0.10048347D+05    0.0001401    0.0000000  EM
            490 -0.10048347D+05    0.0001396    0.0000000  EM
            491 -0.10048347D+05    0.0001390    0.0000000  EM
            492 -0.10048347D+05    0.0001385    0.0000000  EM
            493 -0.10048347D+05    0.0001380    0.0000000  EM
            494 -0.10048346D+05    0.0001375    0.0000000  EM
            495 -0.10048346D+05    0.0001370    0.0000000  EM
            496 -0.10048346D+05    0.0001365    0.0000000  EM
            497 -0.10048346D+05    0.0001360    0.0000000  EM
            498 -0.10048346D+05    0.0001355    0.0000000  EM
            499 -0.10048346D+05    0.0001350    0.0000000  EM
            500 -0.10048346D+05    0.0001345    0.0000000  EM
            501 -0.10048346D+05    0.0001340    0.0000000  EM
            502 -0.10048345D+05    0.0001335    0.0000000  EM
            503 -0.10048345D+05    0.0001330    0.0000000  EM
            504 -0.10048345D+05    0.0001325    0.0000000  EM
            505 -0.10048345D+05    0.0001320    0.0000000  EM
            506 -0.10048345D+05    0.0001315    0.0000000  EM
            507 -0.10048345D+05    0.0001311    0.0000000  EM
            508 -0.10048345D+05    0.0001306    0.0000000  EM
            509 -0.10048344D+05    0.0001301    0.0000000  EM
            510 -0.10048344D+05    0.0001296    0.0000000  EM
            511 -0.10048344D+05    0.0001292    0.0000000  EM
            512 -0.10048344D+05    0.0001287    0.0000000  EM
            513 -0.10048344D+05    0.0001282    0.0000000  EM
            514 -0.10048344D+05    0.0001278    0.0000000  EM
            515 -0.10048344D+05    0.0001273    0.0000000  EM
            516 -0.10048344D+05    0.0001269    0.0000000  EM
            517 -0.10048343D+05    0.0001264    0.0000000  EM
            518 -0.10048343D+05    0.0001260    0.0000000  EM
            519 -0.10048343D+05    0.0001255    0.0000000  EM
            520 -0.10048343D+05    0.0001251    0.0000000  EM
            521 -0.10048343D+05    0.0001246    0.0000000  EM
            522 -0.10048343D+05    0.0001242    0.0000000  EM
            523 -0.10048343D+05    0.0001237    0.0000000  EM
            524 -0.10048343D+05    0.0001233    0.0000000  EM
            525 -0.10048342D+05    0.0001229    0.0000000  EM
            526 -0.10048342D+05    0.0001224    0.0000000  EM
            527 -0.10048342D+05    0.0001220    0.0000000  EM
            528 -0.10048342D+05    0.0001216    0.0000000  EM
            529 -0.10048342D+05    0.0001212    0.0000000  EM
            530 -0.10048342D+05    0.0001207    0.0000000  EM
            531 -0.10048342D+05    0.0001203    0.0000000  EM
            532 -0.10048342D+05    0.0001199    0.0000000  EM
            533 -0.10048341D+05    0.0001195    0.0000000  EM
            534 -0.10048341D+05    0.0001191    0.0000000  EM
            535 -0.10048341D+05    0.0001187    0.0000000  EM
            536 -0.10048341D+05    0.0001183    0.0000000  EM
            537 -0.10048341D+05    0.0001179    0.0000000  EM
            538 -0.10048341D+05    0.0001174    0.0000000  EM
            539 -0.10048341D+05    0.0001170    0.0000000  EM
            540 -0.10048341D+05    0.0001166    0.0000000  EM
            541 -0.10048341D+05    0.0001162    0.0000000  EM
            542 -0.10048340D+05    0.0001158    0.0000000  EM
            543 -0.10048340D+05    0.0001155    0.0000000  EM
            544 -0.10048340D+05    0.0001151    0.0000000  EM
            545 -0.10048340D+05    0.0001147    0.0000000  EM
            546 -0.10048340D+05    0.0001143    0.0000000  EM
            547 -0.10048340D+05    0.0001139    0.0000000  EM
            548 -0.10048340D+05    0.0001135    0.0000000  EM
            549 -0.10048340D+05    0.0001131    0.0000000  EM
            550 -0.10048340D+05    0.0001128    0.0000000  EM
            551 -0.10048339D+05    0.0001124    0.0000000  EM
            552 -0.10048339D+05    0.0001120    0.0000000  EM
            553 -0.10048339D+05    0.0001116    0.0000000  EM
            554 -0.10048339D+05    0.0001113    0.0000000  EM
            555 -0.10048339D+05    0.0001109    0.0000000  EM
            556 -0.10048339D+05    0.0001105    0.0000000  EM
            557 -0.10048339D+05    0.0001101    0.0000000  EM
            558 -0.10048339D+05    0.0001098    0.0000000  EM
            559 -0.10048339D+05    0.0001094    0.0000000  EM
            560 -0.10048338D+05    0.0001091    0.0000000  EM
            561 -0.10048338D+05    0.0001087    0.0000000  EM
            562 -0.10048338D+05    0.0001083    0.0000000  EM
            563 -0.10048338D+05    0.0001080    0.0000000  EM
            564 -0.10048338D+05    0.0001076    0.0000000  EM
            565 -0.10048338D+05    0.0001073    0.0000000  EM
            566 -0.10048338D+05    0.0001069    0.0000000  EM
            567 -0.10048338D+05    0.0001066    0.0000000  EM
            568 -0.10048338D+05    0.0001062    0.0000000  EM
            569 -0.10048337D+05    0.0001059    0.0000000  EM
            570 -0.10048337D+05    0.0001055    0.0000000  EM
            571 -0.10048337D+05    0.0001052    0.0000000  EM
            572 -0.10048337D+05    0.0001049    0.0000000  EM
            573 -0.10048337D+05    0.0001045    0.0000000  EM
            574 -0.10048337D+05    0.0001042    0.0000000  EM
            575 -0.10048337D+05    0.0001039    0.0000000  EM
            576 -0.10048337D+05    0.0001035    0.0000000  EM
            577 -0.10048337D+05    0.0001032    0.0000000  EM
            578 -0.10048337D+05    0.0001029    0.0000000  EM
            579 -0.10048336D+05    0.0001025    0.0000000  EM
            580 -0.10048336D+05    0.0001022    0.0000000  EM
            581 -0.10048336D+05    0.0001019    0.0000000  EM
            582 -0.10048336D+05    0.0001016    0.0000000  EM
            583 -0.10048336D+05    0.0001012    0.0000000  EM
            584 -0.10048336D+05    0.0001009    0.0000000  EM
            585 -0.10048336D+05    0.0001006    0.0000000  EM
            586 -0.10048336D+05    0.0001003    0.0000000  EM
            587 -0.10048336D+05    0.0001000    0.0000000  EM


     Beginning Time:  17:30:29
        Ending Time:  17:30:30
       Elapsed Time:  00:00:01


Mplus VERSION 8.5 DEMO (Linux) has the following limitations:
  Maximum number of dependent variables: 6
  Maximum number of independent variables: 2
  Maximum number of between variables: 2
  Maximum number of continuous latent variables in time series analysis: 2


MUTHEN & MUTHEN
3463 Stoner Ave.
Los Angeles, CA  90066

Tel: (310) 391-9971
Fax: (310) 391-8971
Web: www.StatModel.com
Support: Support@StatModel.com

Copyright (c) 1998-2020 Muthen & Muthen
