Mplus VERSION 8.5 DEMO (Linux)
MUTHEN & MUTHEN
01/29/2021   4:29 PM

INPUT INSTRUCTIONS

  TITLE: 1-1-1 mediation (MSEM)
  DATA: FILE IS mydata.dat; ! text file containing raw data in long format
  VARIABLE: NAMES ARE id x m y;
  USEVARIABLES ARE id x m y;
  CLUSTER IS id; ! Level-2 grouping identifier
  ANALYSIS: TYPE IS TWOLEVEL RANDOM;
  MODEL: ! model specification follows
  %WITHIN% ! Model for Within effects follows
  sa | m ON x; ! regress m on x, call the random slope "sa"
  sb | y ON m; ! regress y on m, call the random slope "sb"
  sc | y ON x; ! regress y on x, call the random slope "sc"
  %BETWEEN% ! Model for Between effects follows
  sa sb sc x m y;! estimate Level-2 (residual) variances for sa, sb, sc, x, m, and y
  sa WITH sc ; ! estimate Level-2 covariances of sa with sc, x, m, and y
  sa WITH sb(cab); ! estimate Level-2 covariance of sa and sb, call it "cab"
  sb WITH sc x m y; ! estimate Level-2 covariances of sb with sc, x, m, and y
  sc WITH x m y; ! estimate Level-2 covariances of sc with x, m, and y
  m ON x(ab); ! regress m on x, call the slope "ab"; ab = contextual effect, not the Between
  y ON m(bb); ! regress y on m, call the slope "bb"; bb = contextual effect, not the Betweee
  y ON x; ! regress y on x
  [sa](aw); ! estimate the mean of sa, call it "aw"
  [sb](bw); ! estimate the mean of sb, call it "bw"
  MODEL CONSTRAINT: ! section for computing indirect effects
  NEW(a b indb indw); ! name the indirect effects
  a=aw+ab; ! compute Between a path
  b=bw+bb; ! compute Between b path
  indw=aw*bw+cab; ! compute the Within indirect effect
  indb=a*b; ! compute the Between indirect effect
  OUTPUT: TECH1 TECH8 CINTERVAL; ! request parameter specifications, starting values, ! opti



*** WARNING
  Input line exceeded 90 characters. Some input may be truncated.
  y ON m(bb); ! regress y on m, call the slope "bb"; bb = contextual effect, not the Betweeen
*** WARNING
  Input line exceeded 90 characters. Some input may be truncated.
  OUTPUT: TECH1 TECH8 CINTERVAL; ! request parameter specifications, starting values, ! optim
*** WARNING in MODEL command
  In the MODEL command, the predictor variable on the WITHIN level refers to the whole observed
  variable.  To use the latent within-level part, use ESTIMATOR=BAYES in the ANALYSIS command.
  This applies to the following statement(s):
    SA | M ON X
    SB | Y ON M
    SC | Y ON X
   3 WARNING(S) FOUND IN THE INPUT INSTRUCTIONS



1-1-1 mediation (MSEM)

SUMMARY OF ANALYSIS

Number of groups                                                 1
Number of observations                                        1920

Number of dependent variables                                    2
Number of independent variables                                  1
Number of continuous latent variables                            3

Observed dependent variables

  Continuous
   M           Y

Observed independent variables
   X

Continuous latent variables
   SA          SB          SC

Variables with special functions

  Cluster variable      ID

Estimator                                                      MLR
Information matrix                                        OBSERVED
Maximum number of iterations                                   100
Convergence criterion                                    0.100D-05
Maximum number of EM iterations                                500
Convergence criteria for the EM algorithm
  Loglikelihood change                                   0.100D-02
  Relative loglikelihood change                          0.100D-05
  Derivative                                             0.100D-03
Minimum variance                                         0.100D-03
Maximum number of steepest descent iterations                   20
Maximum number of iterations for H1                           2000
Convergence criterion for H1                             0.100D-03
Optimization algorithm                                         EMA

Input data file(s)
  mydata.dat
Input data format  FREE


SUMMARY OF DATA

     Number of clusters                         96

     Average cluster size       20.000

     Estimated Intraclass Correlations for the Y Variables

                Intraclass              Intraclass              Intraclass
     Variable  Correlation   Variable  Correlation   Variable  Correlation

     M            0.259      Y            0.279      X            0.004




UNIVARIATE SAMPLE STATISTICS


     UNIVARIATE HIGHER-ORDER MOMENT DESCRIPTIVE STATISTICS

         Variable/         Mean/     Skewness/   Minimum/ % with                Percentiles
        Sample Size      Variance    Kurtosis    Maximum  Min/Max      20%/60%    40%/80%    Median

     M                     0.089      -0.008      -7.428    0.05%      -1.360     -0.344      0.109
            1920.000       3.365       0.968       8.872    0.05%       0.547      1.514
     Y                     0.643       1.032     -12.889    0.05%      -1.509     -0.176      0.438
            1920.000       8.796       7.075      24.743    0.05%       0.985      2.642
     X                    -0.022       0.011      -3.354    0.05%      -0.874     -0.257      0.010
            1920.000       1.029       0.211       3.982    0.05%       0.236      0.809

     WARNING: THE MODEL ESTIMATION HAS REACHED A SADDLE POINT OR A POINT WHERE THE
     OBSERVED AND THE EXPECTED INFORMATION MATRICES DO NOT MATCH.
     AN ADJUSTMENT TO THE ESTIMATION OF THE INFORMATION MATRIX HAS BEEN MADE.
     THE CONDITION NUMBER IS      -0.434D-02.
     THE PROBLEM MAY ALSO BE RESOLVED BY DECREASING THE VALUE OF THE
     MCONVERGENCE OR LOGCRITERION OPTIONS OR BY CHANGING THE STARTING VALUES
     OR BY USING THE MLF ESTIMATOR.


THE MODEL ESTIMATION TERMINATED NORMALLY



MODEL FIT INFORMATION

Number of Free Parameters                       27

Loglikelihood

          H0 Value                       -8842.661
          H0 Scaling Correction Factor      0.9484
            for MLR

Information Criteria

          Akaike (AIC)                   17739.322
          Bayesian (BIC)                 17889.444
          Sample-Size Adjusted BIC       17803.664
            (n* = (n + 2) / 24)



MODEL RESULTS

                                                    Two-Tailed
                    Estimate       S.E.  Est./S.E.    P-Value

Within Level

 Variances
    X                  1.024      0.043     24.049      0.000

 Residual Variances
    M                  1.051      0.034     30.729      0.000
    Y                  0.982      0.035     27.942      0.000

Between Level

 M          ON
    X                 -0.707      5.311     -0.133      0.894

 Y          ON
    M                 -0.116      0.159     -0.729      0.466
    X                  3.067      1.083      2.831      0.005

 SA       WITH
    SC                -0.159      0.026     -5.992      0.000
    SB                -0.038      0.302     -0.125      0.900

 SB       WITH
    SC                 0.026      0.094      0.278      0.781
    X                 -0.017      0.030     -0.564      0.573
    M                  0.114      0.150      0.762      0.446
    Y                  0.171      0.239      0.714      0.475

 SC       WITH
    X                  0.006      0.008      0.698      0.485
    M                 -0.026      0.055     -0.469      0.639
    Y                  0.170      0.044      3.880      0.000

 Means
    X                 -0.022      0.024     -0.937      0.349
    SA                 0.468      0.110      4.276      0.000
    SB                 0.551      0.102      5.413      0.000
    SC                 1.005      0.032     31.668      0.000

 Intercepts
    M                  0.057      0.156      0.364      0.716
    Y                  0.594      0.120      4.966      0.000

 Variances
    X                  0.005      0.005      0.990      0.322
    SA                 1.082      0.176      6.133      0.000
    SB                 0.949      0.134      7.070      0.000
    SC                 0.066      0.015      4.466      0.000

 Residual Variances
    M                  1.011      0.157      6.451      0.000
    Y                  0.959      0.174      5.502      0.000

New/Additional Parameters
    A                 -0.238      5.279     -0.045      0.964
    B                  0.435      0.196      2.224      0.026
    INDB              -0.104      2.316     -0.045      0.964
    INDW               0.220      0.326      0.675      0.500


QUALITY OF NUMERICAL RESULTS

     Condition Number for the Information Matrix             -0.434E-02
       (ratio of smallest to largest eigenvalue)


CONFIDENCE INTERVALS OF MODEL RESULTS

                  Lower .5%  Lower 2.5%    Lower 5%    Estimate    Upper 5%  Upper 2.5%   Upper .5%

Within Level

 Variances
    X                0.915       0.941       0.954       1.024       1.094       1.108       1.134

 Residual Variances
    M                0.963       0.984       0.994       1.051       1.107       1.118       1.139
    Y                0.891       0.913       0.924       0.982       1.040       1.051       1.072

Between Level

 M        ON
    X              -14.386     -11.116      -9.443      -0.707       8.029       9.702      12.973

 Y        ON
    M               -0.525      -0.427      -0.377      -0.116       0.146       0.196       0.293
    X                0.277       0.944       1.285       3.067       4.849       5.190       5.857

 SA       WITH
    SC              -0.227      -0.211      -0.202      -0.159      -0.115      -0.107      -0.090
    SB              -0.816      -0.630      -0.535      -0.038       0.459       0.554       0.740

 SB       WITH
    SC              -0.215      -0.157      -0.128       0.026       0.180       0.209       0.267
    X               -0.095      -0.076      -0.067      -0.017       0.033       0.042       0.061
    M               -0.271      -0.179      -0.132       0.114       0.360       0.407       0.499
    Y               -0.445      -0.298      -0.223       0.171       0.564       0.640       0.787

 SC       WITH
    X               -0.015      -0.010      -0.008       0.006       0.019       0.022       0.027
    M               -0.167      -0.133      -0.116      -0.026       0.064       0.082       0.115
    Y                0.057       0.084       0.098       0.170       0.243       0.256       0.283

 Means
    X               -0.083      -0.069      -0.061      -0.022       0.017       0.024       0.039
    SA               0.186       0.254       0.288       0.468       0.649       0.683       0.750
    SB               0.289       0.351       0.383       0.551       0.718       0.750       0.813
    SC               0.923       0.942       0.952       1.005       1.057       1.067       1.086

 Intercepts
    M               -0.346      -0.249      -0.200       0.057       0.314       0.363       0.459
    Y                0.286       0.359       0.397       0.594       0.790       0.828       0.902

 Variances
    X               -0.009      -0.005      -0.004       0.005       0.014       0.016       0.019
    SA               0.627       0.736       0.792       1.082       1.372       1.427       1.536
    SB               0.603       0.686       0.728       0.949       1.170       1.212       1.295
    SC               0.028       0.037       0.041       0.066       0.090       0.094       0.103

 Residual Variances
    M                0.608       0.704       0.753       1.011       1.269       1.319       1.415
    Y                0.510       0.617       0.672       0.959       1.246       1.301       1.408

New/Additional Parameters
    A              -13.835     -10.584      -8.922      -0.238       8.445      10.107      13.358
    B               -0.069       0.052       0.113       0.435       0.757       0.819       0.939
    INDB            -6.071      -4.644      -3.914      -0.104       3.707       4.436       5.863
    INDW            -0.620      -0.419      -0.316       0.220       0.757       0.859       1.060


TECHNICAL 1 OUTPUT


     PARAMETER SPECIFICATION FOR WITHIN


           NU
              M             Y             X
              ________      ________      ________
                    0             0             0


           LAMBDA
              M             Y             X
              ________      ________      ________
 M                  0             0             0
 Y                  0             0             0
 X                  0             0             0


           THETA
              M             Y             X
              ________      ________      ________
 M                  0
 Y                  0             0
 X                  0             0             0


           ALPHA
              M             Y             X
              ________      ________      ________
                    0             0             0


           BETA
              M             Y             X
              ________      ________      ________
 M                  0             0             0
 Y                  0             0             0
 X                  0             0             0


           PSI
              M             Y             X
              ________      ________      ________
 M                  1
 Y                  0             2
 X                  0             0             3


     PARAMETER SPECIFICATION FOR BETWEEN


           NU
              M             Y             X
              ________      ________      ________
                    0             0             0


           LAMBDA
              SA            SB            SC            M             Y
              ________      ________      ________      ________      ________
 M                  0             0             0             0             0
 Y                  0             0             0             0             0
 X                  0             0             0             0             0


           LAMBDA
              X
              ________
 M                  0
 Y                  0
 X                  0


           THETA
              M             Y             X
              ________      ________      ________
 M                  0
 Y                  0             0
 X                  0             0             0


           ALPHA
              SA            SB            SC            M             Y
              ________      ________      ________      ________      ________
                    4             5             6             7             8


           ALPHA
              X
              ________
                    9


           BETA
              SA            SB            SC            M             Y
              ________      ________      ________      ________      ________
 SA                 0             0             0             0             0
 SB                 0             0             0             0             0
 SC                 0             0             0             0             0
 M                  0             0             0             0             0
 Y                  0             0             0            11             0
 X                  0             0             0             0             0


           BETA
              X
              ________
 SA                 0
 SB                 0
 SC                 0
 M                 10
 Y                 12
 X                  0


           PSI
              SA            SB            SC            M             Y
              ________      ________      ________      ________      ________
 SA                13
 SB                14            15
 SC                16            17            18
 M                  0            19            20            21
 Y                  0            22            23             0            24
 X                  0            25            26             0             0


           PSI
              X
              ________
 X                 27


     PARAMETER SPECIFICATION FOR THE ADDITIONAL PARAMETERS


           NEW/ADDITIONAL PARAMETERS
              A             B             INDB          INDW
              ________      ________      ________      ________
                   28            29            30            31


     STARTING VALUES FOR WITHIN


           NU
              M             Y             X
              ________      ________      ________
                0.000         0.000         0.000


           LAMBDA
              M             Y             X
              ________      ________      ________
 M              1.000         0.000         0.000
 Y              0.000         1.000         0.000
 X              0.000         0.000         1.000


           THETA
              M             Y             X
              ________      ________      ________
 M              0.000
 Y              0.000         0.000
 X              0.000         0.000         0.000


           ALPHA
              M             Y             X
              ________      ________      ________
                0.000         0.000         0.000


           BETA
              M             Y             X
              ________      ________      ________
 M              0.000         0.000         0.000
 Y              0.000         0.000         0.000
 X              0.000         0.000         0.000


           PSI
              M             Y             X
              ________      ________      ________
 M              1.683
 Y              0.000         4.398
 X              0.000         0.000         0.515


     STARTING VALUES FOR BETWEEN


           NU
              M             Y             X
              ________      ________      ________
                0.000         0.000         0.000


           LAMBDA
              SA            SB            SC            M             Y
              ________      ________      ________      ________      ________
 M              0.000         0.000         0.000         1.000         0.000
 Y              0.000         0.000         0.000         0.000         1.000
 X              0.000         0.000         0.000         0.000         0.000


           LAMBDA
              X
              ________
 M              0.000
 Y              0.000
 X              1.000


           THETA
              M             Y             X
              ________      ________      ________
 M              0.000
 Y              0.000         0.000
 X              0.000         0.000         0.000


           ALPHA
              SA            SB            SC            M             Y
              ________      ________      ________      ________      ________
                0.000         0.000         0.000         0.089         0.643


           ALPHA
              X
              ________
               -0.022


           BETA
              SA            SB            SC            M             Y
              ________      ________      ________      ________      ________
 SA             0.000         0.000         0.000         0.000         0.000
 SB             0.000         0.000         0.000         0.000         0.000
 SC             0.000         0.000         0.000         0.000         0.000
 M              0.000         0.000         0.000         0.000         0.000
 Y              0.000         0.000         0.000         0.000         0.000
 X              0.000         0.000         0.000         0.000         0.000


           BETA
              X
              ________
 SA             0.000
 SB             0.000
 SC             0.000
 M              0.000
 Y              0.000
 X              0.000


           PSI
              SA            SB            SC            M             Y
              ________      ________      ________      ________      ________
 SA             1.000
 SB             0.000         1.000
 SC             0.000         0.000         1.000
 M              0.000         0.000         0.000         1.683
 Y              0.000         0.000         0.000         0.000         4.398
 X              0.000         0.000         0.000         0.000         0.000


           PSI
              X
              ________
 X              0.515


     STARTING VALUES FOR THE ADDITIONAL PARAMETERS


           NEW/ADDITIONAL PARAMETERS
              A             B             INDB          INDW
              ________      ________      ________      ________
                0.500         0.500         0.500         0.500


TECHNICAL 8 OUTPUT


   E STEP  ITER  LOGLIKELIHOOD    ABS CHANGE   REL CHANGE  ALGORITHM
              1 -0.10039106D+05    0.0000000    0.0000000  EM
              2 -0.89612925D+04 1077.8130664    0.1073615  EM
              3 -0.88711198D+04   90.1726704    0.0100625  EM
              4 -0.88584700D+04   12.6498115    0.0014260  EM
              5 -0.88536183D+04    4.8517206    0.0005477  EM
              6 -0.88509729D+04    2.6453437    0.0002988  EM
              7 -0.88493169D+04    1.6559782    0.0001871  EM
              8 -0.88481886D+04    1.1283460    0.0001275  EM
              9 -0.88473729D+04    0.8157158    0.0000922  EM
             10 -0.88467568D+04    0.6160881    0.0000696  EM
             11 -0.88462755D+04    0.4812488    0.0000544  EM
             12 -0.88458895D+04    0.3860688    0.0000436  EM
             13 -0.88455730D+04    0.3164580    0.0000358  EM
             14 -0.88453090D+04    0.2640558    0.0000299  EM
             15 -0.88450853D+04    0.2236295    0.0000253  EM
             16 -0.88448935D+04    0.1917960    0.0000217  EM
             17 -0.88447272D+04    0.1662821    0.0000188  EM
             18 -0.88445817D+04    0.1455177    0.0000165  EM
             19 -0.88444533D+04    0.1283954    0.0000145  EM
             20 -0.88443392D+04    0.1141049    0.0000129  EM
             21 -0.88442372D+04    0.1020567    0.0000115  EM
             22 -0.88441454D+04    0.0918024    0.0000104  EM
             23 -0.88440624D+04    0.0830039    0.0000094  EM
             24 -0.88439870D+04    0.0753971    0.0000085  EM
             25 -0.88439182D+04    0.0687764    0.0000078  EM
             26 -0.88438552D+04    0.0629784    0.0000071  EM
             27 -0.88437973D+04    0.0578729    0.0000065  EM
             28 -0.88437440D+04    0.0533529    0.0000060  EM
             29 -0.88436947D+04    0.0493337    0.0000056  EM
             30 -0.88436489D+04    0.0457437    0.0000052  EM
             31 -0.88436064D+04    0.0425242    0.0000048  EM
             32 -0.88435668D+04    0.0396267    0.0000045  EM
             33 -0.88435298D+04    0.0370086    0.0000042  EM
             34 -0.88434951D+04    0.0346364    0.0000039  EM
             35 -0.88434626D+04    0.0324806    0.0000037  EM
             36 -0.88434321D+04    0.0305155    0.0000035  EM
             37 -0.88434034D+04    0.0287191    0.0000032  EM
             38 -0.88433763D+04    0.0270737    0.0000031  EM
             39 -0.88433508D+04    0.0255623    0.0000029  EM
             40 -0.88433266D+04    0.0241713    0.0000027  EM
             41 -0.88433037D+04    0.0228880    0.0000026  EM
             42 -0.88432820D+04    0.0217021    0.0000025  EM
             43 -0.88432614D+04    0.0206039    0.0000023  EM
             44 -0.88432418D+04    0.0195851    0.0000022  EM
             45 -0.88432232D+04    0.0186383    0.0000021  EM
             46 -0.88432054D+04    0.0177571    0.0000020  EM
             47 -0.88431885D+04    0.0169354    0.0000019  EM
             48 -0.88431723D+04    0.0161683    0.0000018  EM
             49 -0.88431569D+04    0.0154510    0.0000017  EM
             50 -0.88431421D+04    0.0147793    0.0000017  EM
             51 -0.88431279D+04    0.0141496    0.0000016  EM
             52 -0.88431144D+04    0.0135585    0.0000015  EM
             53 -0.88431014D+04    0.0130029    0.0000015  EM
             54 -0.88430889D+04    0.0124797    0.0000014  EM
             55 -0.88430769D+04    0.0119874    0.0000014  EM
             56 -0.88430654D+04    0.0115228    0.0000013  EM
             57 -0.88430543D+04    0.0110842    0.0000013  EM
             58 -0.88430436D+04    0.0106697    0.0000012  EM
             59 -0.88430334D+04    0.0102776    0.0000012  EM
             60 -0.88430234D+04    0.0099063    0.0000011  EM
             61 -0.88430139D+04    0.0095544    0.0000011  EM
             62 -0.88430047D+04    0.0092206    0.0000010  EM
             63 -0.88429958D+04    0.0089037    0.0000010  EM
             64 -0.88429872D+04    0.0086026    0.0000010  EM
             65 -0.88429789D+04    0.0083162    0.0000009  EM
             66 -0.88429708D+04    0.0080438    0.0000009  EM
             67 -0.88429630D+04    0.0077842    0.0000009  EM
             68 -0.88429555D+04    0.0075369    0.0000009  EM
             69 -0.88429482D+04    0.0073010    0.0000008  EM
             70 -0.88429411D+04    0.0070758    0.0000008  EM
             71 -0.88429342D+04    0.0068607    0.0000008  EM
             72 -0.88429276D+04    0.0066552    0.0000008  EM
             73 -0.88429211D+04    0.0064586    0.0000007  EM
             74 -0.88429149D+04    0.0062706    0.0000007  EM
             75 -0.88429088D+04    0.0060905    0.0000007  EM
             76 -0.88429029D+04    0.0059179    0.0000007  EM
             77 -0.88428971D+04    0.0057526    0.0000007  EM
             78 -0.88428915D+04    0.0055940    0.0000006  EM
             79 -0.88428861D+04    0.0054418    0.0000006  EM
             80 -0.88428808D+04    0.0052957    0.0000006  EM
             81 -0.88428756D+04    0.0051552    0.0000006  EM
             82 -0.88428706D+04    0.0050204    0.0000006  EM
             83 -0.88428657D+04    0.0048907    0.0000006  EM
             84 -0.88428609D+04    0.0047658    0.0000005  EM
             85 -0.88428563D+04    0.0046457    0.0000005  EM
             86 -0.88428518D+04    0.0045300    0.0000005  EM
             87 -0.88428473D+04    0.0044186    0.0000005  EM
             88 -0.88428430D+04    0.0043111    0.0000005  EM
             89 -0.88428388D+04    0.0042076    0.0000005  EM
             90 -0.88428347D+04    0.0041077    0.0000005  EM
             91 -0.88428307D+04    0.0040114    0.0000005  EM
             92 -0.88428268D+04    0.0039183    0.0000004  EM
             93 -0.88428230D+04    0.0038285    0.0000004  EM
             94 -0.88428192D+04    0.0037417    0.0000004  EM
             95 -0.88428156D+04    0.0036577    0.0000004  EM
             96 -0.88428120D+04    0.0035766    0.0000004  EM
             97 -0.88428085D+04    0.0034982    0.0000004  EM
             98 -0.88428051D+04    0.0034222    0.0000004  EM
             99 -0.88428017D+04    0.0033488    0.0000004  EM
            100 -0.88427984D+04    0.0032776    0.0000004  EM
            101 -0.88427952D+04    0.0032088    0.0000004  EM
            102 -0.88427921D+04    0.0031421    0.0000004  EM
            103 -0.88427890D+04    0.0030773    0.0000003  EM
            104 -0.88427860D+04    0.0030147    0.0000003  EM
            105 -0.88427830D+04    0.0029539    0.0000003  EM
            106 -0.88427801D+04    0.0028949    0.0000003  EM
            107 -0.88427773D+04    0.0028377    0.0000003  EM
            108 -0.88427745D+04    0.0027821    0.0000003  EM
            109 -0.88427718D+04    0.0027282    0.0000003  EM
            110 -0.88427691D+04    0.0026759    0.0000003  EM
            111 -0.88425393D+04    0.2298021    0.0000260  QN
            112 -0.88425393D+04    0.0000011    0.0000000  EM


  THE OPTIMIZATION ALGORITHM HAS CHANGED TO THE EM ALGORITHM.



   E STEP  ITER  LOGLIKELIHOOD    ABS CHANGE   REL CHANGE  ALGORITHM
              1 -0.10039106D+05    0.0000000    0.0000000  EM
              2 -0.89612925D+04 1077.8130664    0.1073615  EM
              3 -0.88711198D+04   90.1726704    0.0100625  EM
              4 -0.88584700D+04   12.6498115    0.0014260  EM
              5 -0.88536183D+04    4.8517206    0.0005477  EM
              6 -0.88509729D+04    2.6453437    0.0002988  EM
              7 -0.88493169D+04    1.6559782    0.0001871  EM
              8 -0.88481886D+04    1.1283460    0.0001275  EM
              9 -0.88473729D+04    0.8157158    0.0000922  EM
             10 -0.88467568D+04    0.6160881    0.0000696  EM
             11 -0.88462755D+04    0.4812488    0.0000544  EM
             12 -0.88458895D+04    0.3860688    0.0000436  EM
             13 -0.88455730D+04    0.3164580    0.0000358  EM
             14 -0.88453090D+04    0.2640558    0.0000299  EM
             15 -0.88450853D+04    0.2236295    0.0000253  EM
             16 -0.88448935D+04    0.1917960    0.0000217  EM
             17 -0.88447272D+04    0.1662821    0.0000188  EM
             18 -0.88445817D+04    0.1455177    0.0000165  EM
             19 -0.88444533D+04    0.1283954    0.0000145  EM
             20 -0.88443392D+04    0.1141049    0.0000129  EM
             21 -0.88442372D+04    0.1020567    0.0000115  EM
             22 -0.88441454D+04    0.0918024    0.0000104  EM
             23 -0.88440624D+04    0.0830039    0.0000094  EM
             24 -0.88439870D+04    0.0753971    0.0000085  EM
             25 -0.88439182D+04    0.0687764    0.0000078  EM
             26 -0.88438552D+04    0.0629784    0.0000071  EM
             27 -0.88437973D+04    0.0578729    0.0000065  EM
             28 -0.88437440D+04    0.0533529    0.0000060  EM
             29 -0.88436947D+04    0.0493337    0.0000056  EM
             30 -0.88436489D+04    0.0457437    0.0000052  EM
             31 -0.88436064D+04    0.0425242    0.0000048  EM
             32 -0.88435668D+04    0.0396267    0.0000045  EM
             33 -0.88435298D+04    0.0370086    0.0000042  EM
             34 -0.88434951D+04    0.0346364    0.0000039  EM
             35 -0.88434626D+04    0.0324806    0.0000037  EM
             36 -0.88434321D+04    0.0305155    0.0000035  EM
             37 -0.88434034D+04    0.0287191    0.0000032  EM
             38 -0.88433763D+04    0.0270737    0.0000031  EM
             39 -0.88433508D+04    0.0255623    0.0000029  EM
             40 -0.88433266D+04    0.0241713    0.0000027  EM
             41 -0.88433037D+04    0.0228880    0.0000026  EM
             42 -0.88432820D+04    0.0217021    0.0000025  EM
             43 -0.88432614D+04    0.0206039    0.0000023  EM
             44 -0.88432418D+04    0.0195851    0.0000022  EM
             45 -0.88432232D+04    0.0186383    0.0000021  EM
             46 -0.88432054D+04    0.0177571    0.0000020  EM
             47 -0.88431885D+04    0.0169354    0.0000019  EM
             48 -0.88431723D+04    0.0161683    0.0000018  EM
             49 -0.88431569D+04    0.0154510    0.0000017  EM
             50 -0.88431421D+04    0.0147793    0.0000017  EM
             51 -0.88431279D+04    0.0141496    0.0000016  EM
             52 -0.88431144D+04    0.0135585    0.0000015  EM
             53 -0.88431014D+04    0.0130029    0.0000015  EM
             54 -0.88430889D+04    0.0124797    0.0000014  EM
             55 -0.88430769D+04    0.0119874    0.0000014  EM
             56 -0.88430654D+04    0.0115228    0.0000013  EM
             57 -0.88430543D+04    0.0110842    0.0000013  EM
             58 -0.88430436D+04    0.0106697    0.0000012  EM
             59 -0.88430334D+04    0.0102776    0.0000012  EM
             60 -0.88430234D+04    0.0099063    0.0000011  EM
             61 -0.88430139D+04    0.0095544    0.0000011  EM
             62 -0.88430047D+04    0.0092206    0.0000010  EM
             63 -0.88429958D+04    0.0089037    0.0000010  EM
             64 -0.88429872D+04    0.0086026    0.0000010  EM
             65 -0.88429789D+04    0.0083162    0.0000009  EM
             66 -0.88429708D+04    0.0080438    0.0000009  EM
             67 -0.88429630D+04    0.0077842    0.0000009  EM
             68 -0.88429555D+04    0.0075369    0.0000009  EM
             69 -0.88429482D+04    0.0073010    0.0000008  EM
             70 -0.88429411D+04    0.0070758    0.0000008  EM
             71 -0.88429342D+04    0.0068607    0.0000008  EM
             72 -0.88429276D+04    0.0066552    0.0000008  EM
             73 -0.88429211D+04    0.0064586    0.0000007  EM
             74 -0.88429149D+04    0.0062706    0.0000007  EM
             75 -0.88429088D+04    0.0060905    0.0000007  EM
             76 -0.88429029D+04    0.0059179    0.0000007  EM
             77 -0.88428971D+04    0.0057526    0.0000007  EM
             78 -0.88428915D+04    0.0055940    0.0000006  EM
             79 -0.88428861D+04    0.0054418    0.0000006  EM
             80 -0.88428808D+04    0.0052957    0.0000006  EM
             81 -0.88428756D+04    0.0051552    0.0000006  EM
             82 -0.88428706D+04    0.0050204    0.0000006  EM
             83 -0.88428657D+04    0.0048907    0.0000006  EM
             84 -0.88428609D+04    0.0047658    0.0000005  EM
             85 -0.88428563D+04    0.0046457    0.0000005  EM
             86 -0.88428518D+04    0.0045300    0.0000005  EM
             87 -0.88428473D+04    0.0044186    0.0000005  EM
             88 -0.88428430D+04    0.0043111    0.0000005  EM
             89 -0.88428388D+04    0.0042076    0.0000005  EM
             90 -0.88428347D+04    0.0041077    0.0000005  EM
             91 -0.88428307D+04    0.0040114    0.0000005  EM
             92 -0.88428268D+04    0.0039183    0.0000004  EM
             93 -0.88428230D+04    0.0038285    0.0000004  EM
             94 -0.88428192D+04    0.0037417    0.0000004  EM
             95 -0.88428156D+04    0.0036577    0.0000004  EM
             96 -0.88428120D+04    0.0035766    0.0000004  EM
             97 -0.88428085D+04    0.0034982    0.0000004  EM
             98 -0.88428051D+04    0.0034222    0.0000004  EM
             99 -0.88428017D+04    0.0033488    0.0000004  EM
            100 -0.88427984D+04    0.0032776    0.0000004  EM
            101 -0.88427952D+04    0.0032088    0.0000004  EM
            102 -0.88427921D+04    0.0031420    0.0000004  EM
            103 -0.88427890D+04    0.0030773    0.0000003  EM
            104 -0.88427860D+04    0.0030146    0.0000003  EM
            105 -0.88427830D+04    0.0029539    0.0000003  EM
            106 -0.88427801D+04    0.0028949    0.0000003  EM
            107 -0.88427773D+04    0.0028377    0.0000003  EM
            108 -0.88427745D+04    0.0027821    0.0000003  EM
            109 -0.88427718D+04    0.0027282    0.0000003  EM
            110 -0.88427691D+04    0.0026758    0.0000003  EM
            111 -0.88427665D+04    0.0026250    0.0000003  EM
            112 -0.88427639D+04    0.0025756    0.0000003  EM
            113 -0.88427614D+04    0.0025276    0.0000003  EM
            114 -0.88427589D+04    0.0024809    0.0000003  EM
            115 -0.88427565D+04    0.0024355    0.0000003  EM
            116 -0.88427541D+04    0.0023914    0.0000003  EM
            117 -0.88427517D+04    0.0023484    0.0000003  EM
            118 -0.88427494D+04    0.0023066    0.0000003  EM
            119 -0.88427472D+04    0.0022659    0.0000003  EM
            120 -0.88427449D+04    0.0022263    0.0000003  EM
            121 -0.88427428D+04    0.0021877    0.0000002  EM
            122 -0.88427406D+04    0.0021502    0.0000002  EM
            123 -0.88427385D+04    0.0021136    0.0000002  EM
            124 -0.88427364D+04    0.0020779    0.0000002  EM
            125 -0.88427344D+04    0.0020431    0.0000002  EM
            126 -0.88427324D+04    0.0020092    0.0000002  EM
            127 -0.88427304D+04    0.0019762    0.0000002  EM
            128 -0.88427284D+04    0.0019440    0.0000002  EM
            129 -0.88427265D+04    0.0019125    0.0000002  EM
            130 -0.88427246D+04    0.0018819    0.0000002  EM
            131 -0.88427228D+04    0.0018520    0.0000002  EM
            132 -0.88427210D+04    0.0018228    0.0000002  EM
            133 -0.88427192D+04    0.0017942    0.0000002  EM
            134 -0.88427174D+04    0.0017664    0.0000002  EM
            135 -0.88427157D+04    0.0017392    0.0000002  EM
            136 -0.88427140D+04    0.0017127    0.0000002  EM
            137 -0.88427123D+04    0.0016867    0.0000002  EM
            138 -0.88427106D+04    0.0016614    0.0000002  EM
            139 -0.88427090D+04    0.0016366    0.0000002  EM
            140 -0.88427074D+04    0.0016124    0.0000002  EM
            141 -0.88427058D+04    0.0015887    0.0000002  EM
            142 -0.88427042D+04    0.0015655    0.0000002  EM
            143 -0.88427027D+04    0.0015429    0.0000002  EM
            144 -0.88427011D+04    0.0015208    0.0000002  EM
            145 -0.88426996D+04    0.0014991    0.0000002  EM
            146 -0.88426982D+04    0.0014779    0.0000002  EM
            147 -0.88426967D+04    0.0014572    0.0000002  EM
            148 -0.88426953D+04    0.0014369    0.0000002  EM
            149 -0.88426939D+04    0.0014170    0.0000002  EM
            150 -0.88426925D+04    0.0013976    0.0000002  EM
            151 -0.88426911D+04    0.0013786    0.0000002  EM
            152 -0.88426897D+04    0.0013599    0.0000002  EM
            153 -0.88426884D+04    0.0013417    0.0000002  EM
            154 -0.88426871D+04    0.0013238    0.0000001  EM
            155 -0.88426857D+04    0.0013062    0.0000001  EM
            156 -0.88426845D+04    0.0012891    0.0000001  EM
            157 -0.88426832D+04    0.0012722    0.0000001  EM
            158 -0.88426819D+04    0.0012557    0.0000001  EM
            159 -0.88426807D+04    0.0012396    0.0000001  EM
            160 -0.88426795D+04    0.0012237    0.0000001  EM
            161 -0.88426783D+04    0.0012082    0.0000001  EM
            162 -0.88426771D+04    0.0011929    0.0000001  EM
            163 -0.88426759D+04    0.0011780    0.0000001  EM
            164 -0.88426747D+04    0.0011633    0.0000001  EM
            165 -0.88426736D+04    0.0011489    0.0000001  EM
            166 -0.88426724D+04    0.0011348    0.0000001  EM
            167 -0.88426713D+04    0.0011210    0.0000001  EM
            168 -0.88426702D+04    0.0011074    0.0000001  EM
            169 -0.88426691D+04    0.0010941    0.0000001  EM
            170 -0.88426680D+04    0.0010810    0.0000001  EM
            171 -0.88426670D+04    0.0010681    0.0000001  EM
            172 -0.88426659D+04    0.0010555    0.0000001  EM
            173 -0.88426649D+04    0.0010431    0.0000001  EM
            174 -0.88426638D+04    0.0010310    0.0000001  EM
            175 -0.88426628D+04    0.0010190    0.0000001  EM
            176 -0.88426618D+04    0.0010073    0.0000001  EM
            177 -0.88426608D+04    0.0009958    0.0000001  EM


   TECHNICAL 8 OUTPUT FOR THE H1 MODEL


   E STEP  ITER  LOGLIKELIHOOD    ABS CHANGE   REL CHANGE  ALGORITHM
              1 -0.10384458D+05    0.0000000    0.0000000  EM
              2 -0.10378015D+05    6.4429051    0.0006204  EM
              3 -0.10376444D+05    1.5709217    0.0001514  EM
              4 -0.10375512D+05    0.9326719    0.0000899  EM
              5 -0.10374895D+05    0.6164234    0.0000594  EM
              6 -0.10374461D+05    0.4345455    0.0000419  EM
              7 -0.10374140D+05    0.3209394    0.0000309  EM
              8 -0.10373894D+05    0.2456108    0.0000237  EM
              9 -0.10373701D+05    0.1933089    0.0000186  EM
             10 -0.10373545D+05    0.1556374    0.0000150  EM
             11 -0.10373417D+05    0.1276787    0.0000123  EM
             12 -0.10373311D+05    0.1064049    0.0000103  EM
             13 -0.10373221D+05    0.0898729    0.0000087  EM
             14 -0.10373144D+05    0.0767921    0.0000074  EM
             15 -0.10373078D+05    0.0662790    0.0000064  EM
             16 -0.10373020D+05    0.0577134    0.0000056  EM
             17 -0.10372970D+05    0.0506499    0.0000049  EM
             18 -0.10372925D+05    0.0447623    0.0000043  EM
             19 -0.10372885D+05    0.0398078    0.0000038  EM
             20 -0.10372849D+05    0.0356024    0.0000034  EM
             21 -0.10372817D+05    0.0320048    0.0000031  EM
             22 -0.10372789D+05    0.0289055    0.0000028  EM
             23 -0.10372762D+05    0.0262179    0.0000025  EM
             24 -0.10372738D+05    0.0238737    0.0000023  EM
             25 -0.10372717D+05    0.0218178    0.0000021  EM
             26 -0.10372697D+05    0.0200055    0.0000019  EM
             27 -0.10372678D+05    0.0184007    0.0000018  EM
             28 -0.10372661D+05    0.0169734    0.0000016  EM
             29 -0.10372646D+05    0.0156988    0.0000015  EM
             30 -0.10372631D+05    0.0145563    0.0000014  EM
             31 -0.10372618D+05    0.0135287    0.0000013  EM
             32 -0.10372605D+05    0.0126013    0.0000012  EM
             33 -0.10372593D+05    0.0117618    0.0000011  EM
             34 -0.10372582D+05    0.0109996    0.0000011  EM
             35 -0.10372572D+05    0.0103058    0.0000010  EM
             36 -0.10372562D+05    0.0096724    0.0000009  EM
             37 -0.10372553D+05    0.0090930    0.0000009  EM
             38 -0.10372545D+05    0.0085616    0.0000008  EM
             39 -0.10372536D+05    0.0080731    0.0000008  EM
             40 -0.10372529D+05    0.0076233    0.0000007  EM
             41 -0.10372522D+05    0.0072081    0.0000007  EM
             42 -0.10372515D+05    0.0068243    0.0000007  EM
             43 -0.10372508D+05    0.0064687    0.0000006  EM
             44 -0.10372502D+05    0.0061388    0.0000006  EM
             45 -0.10372496D+05    0.0058322    0.0000006  EM
             46 -0.10372491D+05    0.0055467    0.0000005  EM
             47 -0.10372486D+05    0.0052806    0.0000005  EM
             48 -0.10372480D+05    0.0050322    0.0000005  EM
             49 -0.10372476D+05    0.0048000    0.0000005  EM
             50 -0.10372471D+05    0.0045825    0.0000004  EM
             51 -0.10372467D+05    0.0043787    0.0000004  EM
             52 -0.10372463D+05    0.0041875    0.0000004  EM
             53 -0.10372459D+05    0.0040078    0.0000004  EM
             54 -0.10372455D+05    0.0038387    0.0000004  EM
             55 -0.10372451D+05    0.0036795    0.0000004  EM
             56 -0.10372447D+05    0.0035295    0.0000003  EM
             57 -0.10372444D+05    0.0033879    0.0000003  EM
             58 -0.10372441D+05    0.0032541    0.0000003  EM
             59 -0.10372438D+05    0.0031276    0.0000003  EM
             60 -0.10372435D+05    0.0030079    0.0000003  EM
             61 -0.10372432D+05    0.0028946    0.0000003  EM
             62 -0.10372429D+05    0.0027871    0.0000003  EM
             63 -0.10372426D+05    0.0026852    0.0000003  EM
             64 -0.10372424D+05    0.0025884    0.0000002  EM
             65 -0.10372421D+05    0.0024963    0.0000002  EM
             66 -0.10372419D+05    0.0024089    0.0000002  EM
             67 -0.10372417D+05    0.0023256    0.0000002  EM
             68 -0.10372414D+05    0.0022463    0.0000002  EM
             69 -0.10372412D+05    0.0021707    0.0000002  EM
             70 -0.10372410D+05    0.0020986    0.0000002  EM
             71 -0.10372408D+05    0.0020298    0.0000002  EM
             72 -0.10372406D+05    0.0019642    0.0000002  EM
             73 -0.10372404D+05    0.0019014    0.0000002  EM
             74 -0.10372402D+05    0.0018414    0.0000002  EM
             75 -0.10372400D+05    0.0017840    0.0000002  EM
             76 -0.10372399D+05    0.0017291    0.0000002  EM
             77 -0.10372397D+05    0.0016764    0.0000002  EM
             78 -0.10372395D+05    0.0016260    0.0000002  EM
             79 -0.10372394D+05    0.0015777    0.0000002  EM
             80 -0.10372392D+05    0.0015313    0.0000001  EM
             81 -0.10372391D+05    0.0014868    0.0000001  EM
             82 -0.10372389D+05    0.0014441    0.0000001  EM
             83 -0.10372388D+05    0.0014030    0.0000001  EM
             84 -0.10372387D+05    0.0013636    0.0000001  EM
             85 -0.10372385D+05    0.0013257    0.0000001  EM
             86 -0.10372384D+05    0.0012892    0.0000001  EM
             87 -0.10372383D+05    0.0012541    0.0000001  EM
             88 -0.10372382D+05    0.0012203    0.0000001  EM
             89 -0.10372380D+05    0.0011877    0.0000001  EM
             90 -0.10372379D+05    0.0011564    0.0000001  EM
             91 -0.10372378D+05    0.0011261    0.0000001  EM
             92 -0.10372377D+05    0.0010970    0.0000001  EM
             93 -0.10372376D+05    0.0010688    0.0000001  EM
             94 -0.10372375D+05    0.0010417    0.0000001  EM
             95 -0.10372374D+05    0.0010155    0.0000001  EM
             96 -0.10372373D+05    0.0009902    0.0000001  EM
             97 -0.10372372D+05    0.0009657    0.0000001  EM
             98 -0.10372371D+05    0.0009421    0.0000001  EM
             99 -0.10372370D+05    0.0009193    0.0000001  EM
            100 -0.10372369D+05    0.0008972    0.0000001  EM
            101 -0.10372368D+05    0.0008758    0.0000001  EM
            102 -0.10372367D+05    0.0008552    0.0000001  EM
            103 -0.10372367D+05    0.0008352    0.0000001  EM
            104 -0.10372366D+05    0.0008158    0.0000001  EM
            105 -0.10372365D+05    0.0007971    0.0000001  EM
            106 -0.10372364D+05    0.0007789    0.0000001  EM
            107 -0.10372363D+05    0.0007613    0.0000001  EM
            108 -0.10372363D+05    0.0007442    0.0000001  EM
            109 -0.10372362D+05    0.0007276    0.0000001  EM
            110 -0.10372361D+05    0.0007116    0.0000001  EM
            111 -0.10372361D+05    0.0006960    0.0000001  EM
            112 -0.10372360D+05    0.0006809    0.0000001  EM
            113 -0.10372359D+05    0.0006662    0.0000001  EM
            114 -0.10372359D+05    0.0006520    0.0000001  EM
            115 -0.10372358D+05    0.0006382    0.0000001  EM
            116 -0.10372357D+05    0.0006247    0.0000001  EM
            117 -0.10372357D+05    0.0006117    0.0000001  EM
            118 -0.10372356D+05    0.0005990    0.0000001  EM
            119 -0.10372355D+05    0.0005867    0.0000001  EM
            120 -0.10372355D+05    0.0005747    0.0000001  EM
            121 -0.10372354D+05    0.0005631    0.0000001  EM
            122 -0.10372354D+05    0.0005517    0.0000001  EM
            123 -0.10372353D+05    0.0005407    0.0000001  EM
            124 -0.10372353D+05    0.0005300    0.0000001  EM
            125 -0.10372352D+05    0.0005195    0.0000001  EM
            126 -0.10372352D+05    0.0005094    0.0000000  EM
            127 -0.10372351D+05    0.0004995    0.0000000  EM
            128 -0.10372351D+05    0.0004898    0.0000000  EM
            129 -0.10372350D+05    0.0004804    0.0000000  EM
            130 -0.10372350D+05    0.0004713    0.0000000  EM
            131 -0.10372349D+05    0.0004624    0.0000000  EM
            132 -0.10372349D+05    0.0004537    0.0000000  EM
            133 -0.10372348D+05    0.0004452    0.0000000  EM
            134 -0.10372348D+05    0.0004370    0.0000000  EM
            135 -0.10372348D+05    0.0004289    0.0000000  EM
            136 -0.10372347D+05    0.0004211    0.0000000  EM
            137 -0.10372347D+05    0.0004134    0.0000000  EM
            138 -0.10372346D+05    0.0004059    0.0000000  EM
            139 -0.10372346D+05    0.0003986    0.0000000  EM
            140 -0.10372345D+05    0.0003915    0.0000000  EM
            141 -0.10372345D+05    0.0003846    0.0000000  EM
            142 -0.10372345D+05    0.0003778    0.0000000  EM
            143 -0.10372344D+05    0.0003712    0.0000000  EM
            144 -0.10372344D+05    0.0003647    0.0000000  EM
            145 -0.10372344D+05    0.0003584    0.0000000  EM
            146 -0.10372343D+05    0.0003522    0.0000000  EM
            147 -0.10372343D+05    0.0003462    0.0000000  EM
            148 -0.10372343D+05    0.0003403    0.0000000  EM
            149 -0.10372342D+05    0.0003346    0.0000000  EM
            150 -0.10372342D+05    0.0003289    0.0000000  EM
            151 -0.10372342D+05    0.0003234    0.0000000  EM
            152 -0.10372341D+05    0.0003181    0.0000000  EM
            153 -0.10372341D+05    0.0003128    0.0000000  EM
            154 -0.10372341D+05    0.0003077    0.0000000  EM
            155 -0.10372340D+05    0.0003026    0.0000000  EM
            156 -0.10372340D+05    0.0002977    0.0000000  EM
            157 -0.10372340D+05    0.0002929    0.0000000  EM
            158 -0.10372339D+05    0.0002882    0.0000000  EM
            159 -0.10372339D+05    0.0002836    0.0000000  EM
            160 -0.10372339D+05    0.0002790    0.0000000  EM
            161 -0.10372339D+05    0.0002746    0.0000000  EM
            162 -0.10372338D+05    0.0002703    0.0000000  EM
            163 -0.10372338D+05    0.0002661    0.0000000  EM
            164 -0.10372338D+05    0.0002619    0.0000000  EM
            165 -0.10372338D+05    0.0002579    0.0000000  EM
            166 -0.10372337D+05    0.0002539    0.0000000  EM
            167 -0.10372337D+05    0.0002500    0.0000000  EM
            168 -0.10372337D+05    0.0002462    0.0000000  EM
            169 -0.10372337D+05    0.0002424    0.0000000  EM
            170 -0.10372336D+05    0.0002388    0.0000000  EM
            171 -0.10372336D+05    0.0002352    0.0000000  EM
            172 -0.10372336D+05    0.0002316    0.0000000  EM
            173 -0.10372336D+05    0.0002282    0.0000000  EM
            174 -0.10372335D+05    0.0002248    0.0000000  EM
            175 -0.10372335D+05    0.0002215    0.0000000  EM
            176 -0.10372335D+05    0.0002182    0.0000000  EM
            177 -0.10372335D+05    0.0002151    0.0000000  EM
            178 -0.10372335D+05    0.0002119    0.0000000  EM
            179 -0.10372334D+05    0.0002089    0.0000000  EM
            180 -0.10372334D+05    0.0002058    0.0000000  EM
            181 -0.10372334D+05    0.0002029    0.0000000  EM
            182 -0.10372334D+05    0.0002000    0.0000000  EM
            183 -0.10372334D+05    0.0001972    0.0000000  EM
            184 -0.10372333D+05    0.0001944    0.0000000  EM
            185 -0.10372333D+05    0.0001916    0.0000000  EM
            186 -0.10372333D+05    0.0001889    0.0000000  EM
            187 -0.10372333D+05    0.0001863    0.0000000  EM
            188 -0.10372333D+05    0.0001837    0.0000000  EM
            189 -0.10372332D+05    0.0001812    0.0000000  EM
            190 -0.10372332D+05    0.0001787    0.0000000  EM
            191 -0.10372332D+05    0.0001762    0.0000000  EM
            192 -0.10372332D+05    0.0001738    0.0000000  EM
            193 -0.10372332D+05    0.0001714    0.0000000  EM
            194 -0.10372332D+05    0.0001691    0.0000000  EM
            195 -0.10372331D+05    0.0001668    0.0000000  EM
            196 -0.10372331D+05    0.0001646    0.0000000  EM
            197 -0.10372331D+05    0.0001624    0.0000000  EM
            198 -0.10372331D+05    0.0001602    0.0000000  EM
            199 -0.10372331D+05    0.0001581    0.0000000  EM
            200 -0.10372331D+05    0.0001560    0.0000000  EM
            201 -0.10372330D+05    0.0001540    0.0000000  EM
            202 -0.10372330D+05    0.0001520    0.0000000  EM
            203 -0.10372330D+05    0.0001500    0.0000000  EM
            204 -0.10372330D+05    0.0001480    0.0000000  EM
            205 -0.10372330D+05    0.0001461    0.0000000  EM
            206 -0.10372330D+05    0.0001442    0.0000000  EM
            207 -0.10372330D+05    0.0001424    0.0000000  EM
            208 -0.10372329D+05    0.0001405    0.0000000  EM
            209 -0.10372329D+05    0.0001388    0.0000000  EM
            210 -0.10372329D+05    0.0001370    0.0000000  EM
            211 -0.10372329D+05    0.0001353    0.0000000  EM
            212 -0.10372329D+05    0.0001336    0.0000000  EM
            213 -0.10372329D+05    0.0001319    0.0000000  EM
            214 -0.10372329D+05    0.0001302    0.0000000  EM
            215 -0.10372328D+05    0.0001286    0.0000000  EM
            216 -0.10372328D+05    0.0001270    0.0000000  EM
            217 -0.10372328D+05    0.0001254    0.0000000  EM
            218 -0.10372328D+05    0.0001239    0.0000000  EM
            219 -0.10372328D+05    0.0001224    0.0000000  EM
            220 -0.10372328D+05    0.0001209    0.0000000  EM
            221 -0.10372328D+05    0.0001194    0.0000000  EM
            222 -0.10372328D+05    0.0001180    0.0000000  EM
            223 -0.10372328D+05    0.0001165    0.0000000  EM
            224 -0.10372327D+05    0.0001151    0.0000000  EM
            225 -0.10372327D+05    0.0001137    0.0000000  EM
            226 -0.10372327D+05    0.0001124    0.0000000  EM
            227 -0.10372327D+05    0.0001110    0.0000000  EM
            228 -0.10372327D+05    0.0001097    0.0000000  EM
            229 -0.10372327D+05    0.0001084    0.0000000  EM
            230 -0.10372327D+05    0.0001071    0.0000000  EM
            231 -0.10372327D+05    0.0001059    0.0000000  EM
            232 -0.10372327D+05    0.0001046    0.0000000  EM
            233 -0.10372326D+05    0.0001034    0.0000000  EM
            234 -0.10372326D+05    0.0001022    0.0000000  EM
            235 -0.10372326D+05    0.0001010    0.0000000  EM
            236 -0.10372326D+05    0.0000999    0.0000000  EM


     Beginning Time:  16:29:31
        Ending Time:  16:29:32
       Elapsed Time:  00:00:01


Mplus VERSION 8.5 DEMO (Linux) has the following limitations:
  Maximum number of dependent variables: 6
  Maximum number of independent variables: 2
  Maximum number of between variables: 2
  Maximum number of continuous latent variables in time series analysis: 2


MUTHEN & MUTHEN
3463 Stoner Ave.
Los Angeles, CA  90066

Tel: (310) 391-9971
Fax: (310) 391-8971
Web: www.StatModel.com
Support: Support@StatModel.com

Copyright (c) 1998-2020 Muthen & Muthen
